[18:49:19] [INFO] Loading hotkeys file
[18:49:20] [INFO] Loaded from Data/hotkeys.dat
[18:49:20] [INFO] Loaded from Data/rushconfigs.dat
[18:49:20] [INFO] Successfully created tab index 1
[18:49:20] [INFO] Hooking.
[18:49:20] [INFO] Hook Succeeded: 1317341057
[18:49:21] [INFO] Found window: Adobe Flash Player 18
[18:49:21] [INFO] Changed current delay to 200ms.
[18:49:27] [INFO] Changed current delay to 1000ms.
[18:49:35] [INFO] Exiting.
[18:50:14] [INFO] Loading hotkeys file
[18:50:14] [INFO] Loaded from Data/hotkeys.dat
[18:50:14] [INFO] Loaded from Data/rushconfigs.dat
[18:50:14] [INFO] Successfully created tab index 1
[18:50:14] [INFO] Hooking.
[18:50:14] [INFO] Hook Succeeded: 265424543
[18:50:18] [INFO] Exiting.
[18:50:29] [INFO] Loading hotkeys file
[18:50:29] [INFO] Loaded from Data/hotkeys.dat
[18:50:29] [INFO] Loaded from Data/rushconfigs.dat
[18:50:29] [INFO] Successfully created tab index 1
[18:50:29] [INFO] Hooking.
[18:50:29] [INFO] Hook Succeeded: 1796935237
[18:50:35] [INFO] Exiting.
[18:51:04] [INFO] Loading hotkeys file
[18:51:04] [INFO] Loaded from Data/hotkeys.dat
[18:51:04] [INFO] Loaded from Data/rushconfigs.dat
[18:51:04] [INFO] Successfully created tab index 1
[18:51:04] [INFO] Hooking.
[18:51:04] [INFO] Hook Succeeded: 86708299
[18:51:08] [INFO] Exiting.
[18:51:13] [INFO] Loading hotkeys file
[18:51:13] [INFO] Loaded from Data/hotkeys.dat
[18:51:13] [INFO] Loaded from Data/rushconfigs.dat
[18:51:13] [INFO] Successfully created tab index 1
[18:51:13] [INFO] Hooking.
[18:51:13] [INFO] Hook Succeeded: 50069625
[18:51:20] [INFO] Exiting.
[18:51:57] [INFO] Loading hotkeys file
[18:51:57] [INFO] Loaded from Data/hotkeys.dat
[18:51:57] [INFO] Loaded from Data/rushconfigs.dat
[18:51:57] [INFO] Successfully created tab index 1
[18:51:57] [INFO] Hooking.
[18:51:57] [INFO] Hook Succeeded: -2042362269
[18:52:02] [INFO] Exiting.
[18:53:10] [INFO] Loading hotkeys file
[18:53:10] [INFO] Loaded from Data/hotkeys.dat
[18:53:10] [INFO] Loaded from Data/rushconfigs.dat
[18:53:10] [INFO] Successfully created tab index 1
[18:53:10] [INFO] Hooking.
[18:53:10] [INFO] Hook Succeeded: -1666119577
[18:53:15] [INFO] Exiting.
[18:53:23] [INFO] Loading hotkeys file
[18:53:23] [INFO] Loaded from Data/hotkeys.dat
[18:53:23] [INFO] Loaded from Data/rushconfigs.dat
[18:53:23] [INFO] Successfully created tab index 1
[18:53:23] [INFO] Hooking.
[18:53:23] [INFO] Hook Succeeded: 1676543837
[18:53:26] [INFO] Exiting.
[18:54:06] [INFO] Loading hotkeys file
[18:54:06] [INFO] Loaded from Data/hotkeys.dat
[18:54:06] [INFO] Loaded from Data/rushconfigs.dat
[18:54:06] [INFO] Successfully created tab index 1
[18:54:06] [INFO] Hooking.
[18:54:06] [INFO] Hook Succeeded: 1871250491
[18:54:13] [INFO] Exiting.
[18:54:51] [INFO] Loading hotkeys file
[18:54:51] [INFO] Loaded from Data/hotkeys.dat
[18:54:51] [INFO] Loaded from Data/rushconfigs.dat
[18:54:51] [INFO] Successfully created tab index 1
[18:54:51] [INFO] Hooking.
[18:54:51] [INFO] Hook Succeeded: -1864169657
[18:54:54] [INFO] Exiting.
[18:55:07] [INFO] Loading hotkeys file
[18:55:07] [INFO] Loaded from Data/hotkeys.dat
[18:55:07] [INFO] Loaded from Data/rushconfigs.dat
[18:55:07] [INFO] Successfully created tab index 1
[18:55:07] [INFO] Hooking.
[18:55:07] [INFO] Hook Succeeded: 330761689
[18:55:12] [INFO] Exiting.
[18:55:35] [INFO] Loading hotkeys file
[18:55:35] [INFO] Loaded from Data/hotkeys.dat
[18:55:35] [INFO] Loaded from Data/rushconfigs.dat
[18:55:35] [INFO] Successfully created tab index 1
[18:55:35] [INFO] Hooking.
[18:55:35] [INFO] Hook Succeeded: 1077151217
[18:55:42] [INFO] Exiting.
[18:56:14] [INFO] Loading hotkeys file
[18:56:14] [INFO] Loaded from Data/hotkeys.dat
[18:56:14] [INFO] Loaded from Data/rushconfigs.dat
[18:56:14] [INFO] Successfully created tab index 1
[18:56:14] [INFO] Hooking.
[18:56:14] [INFO] Hook Succeeded: -205125465
[18:56:20] [INFO] Exiting.
[18:57:01] [INFO] Loading hotkeys file
[18:57:01] [INFO] Loaded from Data/hotkeys.dat
[18:57:01] [INFO] Loaded from Data/rushconfigs.dat
[18:57:01] [INFO] Successfully created tab index 1
[18:57:01] [INFO] Hooking.
[18:57:01] [INFO] Hook Succeeded: 113512551
[18:57:06] [INFO] Exiting.
[18:57:49] [INFO] Loading hotkeys file
[18:57:50] [INFO] Loaded from Data/hotkeys.dat
[18:57:50] [INFO] Loaded from Data/rushconfigs.dat
[18:57:50] [INFO] Successfully created tab index 1
[18:57:50] [INFO] Hooking.
[18:57:50] [INFO] Hook Succeeded: -1807348897
[18:58:12] [INFO] Exiting.
[18:59:12] [INFO] Loading hotkeys file
[18:59:12] [INFO] Loaded from Data/hotkeys.dat
[18:59:12] [INFO] Loaded from Data/rushconfigs.dat
[18:59:12] [INFO] Successfully created tab index 1
[18:59:12] [INFO] Hooking.
[18:59:12] [INFO] Hook Succeeded: 771362377
[18:59:21] [INFO] Exiting.
[18:59:39] [INFO] Loading hotkeys file
[18:59:39] [INFO] Loaded from Data/hotkeys.dat
[18:59:39] [INFO] Loaded from Data/rushconfigs.dat
[18:59:39] [INFO] Successfully created tab index 1
[18:59:39] [INFO] Hooking.
[18:59:39] [INFO] Hook Succeeded: -1986852561
[18:59:46] [INFO] Exiting.
[18:59:57] [INFO] Loading hotkeys file
[18:59:57] [INFO] Loaded from Data/hotkeys.dat
[18:59:57] [INFO] Loaded from Data/rushconfigs.dat
[18:59:57] [INFO] Successfully created tab index 1
[18:59:57] [INFO] Hooking.
[18:59:57] [INFO] Hook Succeeded: -1986524881
[19:00:07] [INFO] Exiting.
[19:01:40] [INFO] Loading hotkeys file
[19:01:40] [INFO] Loaded from Data/hotkeys.dat
[19:01:40] [INFO] Loaded from Data/rushconfigs.dat
[19:01:40] [INFO] Successfully created tab index 1
[19:01:40] [INFO] Hooking.
[19:01:40] [INFO] Hook Succeeded: 127666963
[19:01:42] [INFO] Exiting.
[19:03:37] [INFO] Loading hotkeys file
[19:03:37] [INFO] Loaded from Data/hotkeys.dat
[19:03:37] [INFO] Loaded from Data/rushconfigs.dat
[19:03:37] [INFO] Successfully created tab index 1
[19:03:37] [INFO] Hooking.
[19:03:37] [INFO] Hook Succeeded: 202638529
[19:03:37] [INFO] 0 IS ENABLED
[19:03:37] [INFO] 3 IS ENABLED
[19:03:40] [INFO] 0 IS ENABLED
[19:03:40] [INFO] 3 IS ENABLED
[19:03:40] [INFO] 0 IS ENABLED
[19:03:40] [INFO] 3 IS ENABLED
[19:03:40] [INFO] 0 IS ENABLED
[19:03:40] [INFO] 3 IS ENABLED
[19:03:40] [INFO] 0 IS ENABLED
[19:03:40] [INFO] 3 IS ENABLED
[19:03:46] [INFO] 0 IS ENABLED
[19:03:46] [INFO] 3 IS ENABLED
[19:03:46] [INFO] 0 IS ENABLED
[19:03:46] [INFO] 3 IS ENABLED
[19:03:47] [INFO] 0 IS ENABLED
[19:03:47] [INFO] 3 IS ENABLED
[19:03:47] [INFO] 0 IS ENABLED
[19:03:47] [INFO] 3 IS ENABLED
[19:03:47] [INFO] 0 IS ENABLED
[19:03:47] [INFO] 3 IS ENABLED
[19:03:49] [INFO] Exiting.
[19:04:33] [INFO] Loading hotkeys file
[19:04:33] [INFO] Loaded from Data/hotkeys.dat
[19:04:33] [INFO] Loaded from Data/rushconfigs.dat
[19:04:33] [INFO] Successfully created tab index 1
[19:04:33] [INFO] Hooking.
[19:04:33] [INFO] Hook Succeeded: 710543715
[19:04:44] [INFO] Exiting.
[19:13:07] [INFO] Loading hotkeys file
[19:13:07] [INFO] Loaded from Data/hotkeys.dat
[19:13:07] [INFO] Loaded from Data/rushconfigs.dat
[19:13:07] [INFO] Successfully created tab index 1
[19:13:07] [INFO] Hooking.
[19:13:07] [INFO] Hook Succeeded: -1747318451
[19:13:18] [INFO] Exiting.
[19:13:27] [INFO] Loading hotkeys file
[19:13:27] [INFO] Loaded from Data/hotkeys.dat
[19:13:27] [INFO] Loaded from Data/rushconfigs.dat
[19:13:27] [INFO] Successfully created tab index 1
[19:13:27] [INFO] Hooking.
[19:13:27] [INFO] Hook Succeeded: -19526767
[19:13:41] [CMD] test
[19:14:23] [INFO] Loading hotkeys file
[19:14:23] [INFO] Loaded from Data/hotkeys.dat
[19:14:23] [INFO] Loaded from Data/rushconfigs.dat
[19:14:23] [INFO] Successfully created tab index 1
[19:14:23] [INFO] Hooking.
[19:14:23] [INFO] Hook Succeeded: 1148260187
[19:14:36] [CMD] test
[19:15:35] [INFO] Loading hotkeys file
[19:15:35] [INFO] Loaded from Data/hotkeys.dat
[19:15:35] [INFO] Loaded from Data/rushconfigs.dat
[19:15:35] [INFO] Successfully created tab index 1
[19:15:35] [INFO] Hooking.
[19:15:35] [INFO] Hook Succeeded: -1940385811
[19:15:48] [INFO] Exiting.
[19:16:13] [INFO] Loading hotkeys file
[19:16:13] [INFO] Loaded from Data/hotkeys.dat
[19:16:13] [INFO] Loaded from Data/rushconfigs.dat
[19:16:13] [INFO] Successfully created tab index 1
[19:16:13] [INFO] Hooking.
[19:16:13] [INFO] Hook Succeeded: 576261245
[19:16:19] [INFO] Exiting.
[19:17:06] [INFO] Loading hotkeys file
[19:17:06] [INFO] Loaded from Data/hotkeys.dat
[19:17:06] [INFO] Loaded from Data/rushconfigs.dat
[19:17:06] [INFO] Successfully created tab index 1
[19:17:06] [INFO] Hooking.
[19:17:06] [INFO] Hook Succeeded: 81068529
[19:17:16] [CMD] test
[19:17:21] [INFO] Exiting.
[19:20:40] [INFO] Loading hotkeys file
[19:20:40] [INFO] Loaded from Data/hotkeys.dat
[19:20:40] [INFO] Loaded from Data/rushconfigs.dat
[19:20:40] [INFO] Successfully created tab index 1
[19:20:40] [INFO] Hooking.
[19:20:40] [INFO] Hook Succeeded: 1574637449
[19:20:55] [INFO] Exiting.
[19:21:03] [INFO] Loading hotkeys file
[19:21:03] [INFO] Loaded from Data/hotkeys.dat
[19:21:03] [INFO] Loaded from Data/rushconfigs.dat
[19:21:03] [INFO] Successfully created tab index 1
[19:21:03] [INFO] Hooking.
[19:21:03] [INFO] Hook Succeeded: 693633813
[19:21:08] [INFO] Exiting.
[19:22:08] [INFO] Loading hotkeys file
[19:22:08] [INFO] Loaded from Data/hotkeys.dat
[19:22:08] [INFO] Loaded from Data/rushconfigs.dat
[19:22:08] [INFO] Successfully created tab index 1
[19:22:08] [INFO] Hooking.
[19:22:08] [INFO] Hook Succeeded: 1638207369
[19:22:09] [INFO] MOUSE DOWN
[19:22:09] [INFO] MOUSE DOWN
[19:22:10] [INFO] MOUSE DOWN
[19:22:10] [INFO] MOUSE DOWN
[19:22:10] [INFO] MOUSE DOWN
[19:22:11] [INFO] MOUSE DOWN
[19:22:12] [INFO] MOUSE DOWN
[19:22:12] [INFO] MOUSE DOWN
[19:22:12] [INFO] MOUSE DOWN
[19:22:13] [INFO] MOUSE DOWN
[19:22:13] [INFO] MOUSE DOWN
[19:22:13] [INFO] MOUSE DOWN
[19:22:13] [INFO] MOUSE DOWN
[19:22:13] [INFO] MOUSE DOWN
[19:22:14] [INFO] MOUSE DOWN
[19:22:15] [INFO] Exiting.
[19:22:56] [INFO] Loading hotkeys file
[19:22:56] [INFO] Loaded from Data/hotkeys.dat
[19:22:56] [INFO] Loaded from Data/rushconfigs.dat
[19:22:56] [INFO] Successfully created tab index 1
[19:22:56] [INFO] Hooking.
[19:22:56] [INFO] Hook Succeeded: 1411779939
[19:23:01] [INFO] Exiting.
[19:23:15] [INFO] Loading hotkeys file
[19:23:15] [INFO] Loaded from Data/hotkeys.dat
[19:23:15] [INFO] Loaded from Data/rushconfigs.dat
[19:23:15] [INFO] Successfully created tab index 1
[19:23:15] [INFO] Hooking.
[19:23:15] [INFO] Hook Succeeded: 849874399
[19:23:46] [INFO] Exiting.
[19:24:12] [INFO] Loading hotkeys file
[19:24:12] [INFO] Loaded from Data/hotkeys.dat
[19:24:12] [INFO] Loaded from Data/rushconfigs.dat
[19:24:12] [INFO] Successfully created tab index 1
[19:24:12] [INFO] Hooking.
[19:24:12] [INFO] Hook Succeeded: 236588853
[19:24:17] [INFO] Exiting.
[19:24:48] [INFO] Loading hotkeys file
[19:24:48] [INFO] Loaded from Data/hotkeys.dat
[19:24:48] [INFO] Loaded from Data/rushconfigs.dat
[19:24:48] [INFO] Successfully created tab index 1
[19:24:48] [INFO] Hooking.
[19:24:48] [INFO] Hook Succeeded: 225316139
[19:24:51] [INFO] Exiting.
[19:25:21] [INFO] Loading hotkeys file
[19:25:21] [INFO] Loaded from Data/hotkeys.dat
[19:25:21] [INFO] Loaded from Data/rushconfigs.dat
[19:25:21] [INFO] Successfully created tab index 1
[19:25:21] [INFO] Hooking.
[19:25:21] [INFO] Hook Succeeded: 225381675
[19:25:24] [INFO] Exiting.
[19:25:42] [INFO] Loading hotkeys file
[19:25:42] [INFO] Loaded from Data/hotkeys.dat
[19:25:42] [INFO] Loaded from Data/rushconfigs.dat
[19:25:42] [INFO] Successfully created tab index 1
[19:25:42] [INFO] Hooking.
[19:25:42] [INFO] Hook Succeeded: -14086679
[19:25:44] [INFO] Exiting.
[19:25:51] [INFO] Loading hotkeys file
[19:25:51] [INFO] Loaded from Data/hotkeys.dat
[19:25:51] [INFO] Loaded from Data/rushconfigs.dat
[19:25:51] [INFO] Successfully created tab index 1
[19:25:51] [INFO] Hooking.
[19:25:51] [INFO] Hook Succeeded: 1135937415
[19:26:01] [INFO] Exiting.
[19:26:39] [INFO] Loading hotkeys file
[19:26:39] [INFO] Loaded from Data/hotkeys.dat
[19:26:39] [INFO] Loaded from Data/rushconfigs.dat
[19:26:39] [INFO] Successfully created tab index 1
[19:26:39] [INFO] Hooking.
[19:26:39] [INFO] Hook Succeeded: 492112659
[19:26:51] [INFO] Exiting.
[19:27:15] [INFO] Loading hotkeys file
[19:27:15] [INFO] Loaded from Data/hotkeys.dat
[19:27:15] [INFO] Loaded from Data/rushconfigs.dat
[19:27:16] [INFO] Successfully created tab index 1
[19:27:16] [INFO] Hooking.
[19:27:16] [INFO] Hook Succeeded: 773720051
[19:27:23] [INFO] Exiting.
[19:28:36] [INFO] Loading hotkeys file
[19:28:36] [INFO] Loaded from Data/hotkeys.dat
[19:28:36] [INFO] Loaded from Data/rushconfigs.dat
[19:28:36] [INFO] Successfully created tab index 1
[19:28:36] [INFO] Hooking.
[19:28:36] [INFO] Hook Succeeded: 871501385
[19:28:39] [INFO] Exiting.
[19:29:28] [INFO] Loading hotkeys file
[19:29:29] [INFO] Loaded from Data/hotkeys.dat
[19:29:29] [INFO] Loaded from Data/rushconfigs.dat
[19:29:29] [INFO] Successfully created tab index 1
[19:29:29] [INFO] Hooking.
[19:29:29] [INFO] Hook Succeeded: 1763379783
[19:29:31] [INFO] Exiting.
[19:29:50] [INFO] Loading hotkeys file
[19:29:50] [INFO] Loaded from Data/hotkeys.dat
[19:29:50] [INFO] Loaded from Data/rushconfigs.dat
[19:29:50] [INFO] Successfully created tab index 1
[19:29:50] [INFO] Hooking.
[19:29:50] [INFO] Hook Succeeded: 482152357
[19:29:53] [INFO] Exiting.
[19:30:11] [INFO] Loading hotkeys file
[19:30:11] [INFO] Loaded from Data/hotkeys.dat
[19:30:11] [INFO] Loaded from Data/rushconfigs.dat
[19:30:11] [INFO] Successfully created tab index 1
[19:30:11] [INFO] Hooking.
[19:30:11] [INFO] Hook Succeeded: 275779049
[19:30:15] [INFO] Exiting.
[19:31:00] [INFO] Loading hotkeys file
[19:31:00] [INFO] Loaded from Data/hotkeys.dat
[19:31:00] [INFO] Loaded from Data/rushconfigs.dat
[19:31:00] [INFO] Successfully created tab index 1
[19:31:00] [INFO] Hooking.
[19:31:00] [INFO] Hook Succeeded: -66059883
[19:31:11] [CMD] aoeu
[19:31:45] [INFO] Exiting.
[19:34:04] [INFO] Loading hotkeys file
[19:34:04] [INFO] Loaded from Data/hotkeys.dat
[19:34:04] [INFO] Loaded from Data/rushconfigs.dat
[19:34:04] [INFO] Successfully created tab index 1
[19:34:04] [INFO] Hooking.
[19:34:04] [INFO] Hook Succeeded: 230166633
[19:34:11] [INFO] Exiting.
[19:34:32] [INFO] Loading hotkeys file
[19:34:32] [INFO] Loaded from Data/hotkeys.dat
[19:34:32] [INFO] Loaded from Data/rushconfigs.dat
[19:34:32] [INFO] Successfully created tab index 1
[19:34:32] [INFO] Hooking.
[19:34:32] [INFO] Hook Succeeded: 1495731595
[19:34:40] [INFO] Exiting.
[19:34:56] [INFO] Loading hotkeys file
[19:34:56] [INFO] Loaded from Data/hotkeys.dat
[19:34:56] [INFO] Loaded from Data/rushconfigs.dat
[19:34:56] [INFO] Successfully created tab index 1
[19:34:56] [INFO] Hooking.
[19:34:56] [INFO] Hook Succeeded: 1117783013
[19:35:05] [INFO] Exiting.
[19:35:25] [INFO] Loading hotkeys file
[19:35:25] [INFO] Loaded from Data/hotkeys.dat
[19:35:25] [INFO] Loaded from Data/rushconfigs.dat
[19:35:25] [INFO] Successfully created tab index 1
[19:35:25] [INFO] Hooking.
[19:35:25] [INFO] Hook Succeeded: 764149935
[19:35:27] [INFO] Exiting.
[19:35:36] [INFO] Loading hotkeys file
[19:35:36] [INFO] Loaded from Data/hotkeys.dat
[19:35:36] [INFO] Loaded from Data/rushconfigs.dat
[19:35:36] [INFO] Successfully created tab index 1
[19:35:36] [INFO] Hooking.
[19:35:36] [INFO] Hook Succeeded: 1905463281
[19:35:41] [INFO] Exiting.
[19:37:28] [INFO] Loading hotkeys file
[19:37:28] [INFO] Loaded from Data/hotkeys.dat
[19:37:28] [INFO] Loaded from Data/rushconfigs.dat
[19:37:28] [INFO] Successfully created tab index 1
[19:37:28] [INFO] Hooking.
[19:37:28] [INFO] Hook Succeeded: 1433145007
[19:37:31] [INFO] Exiting.
[19:37:41] [INFO] Loading hotkeys file
[19:37:41] [INFO] Loaded from Data/hotkeys.dat
[19:37:41] [INFO] Loaded from Data/rushconfigs.dat
[19:37:41] [INFO] Successfully created tab index 1
[19:37:41] [INFO] Hooking.
[19:37:41] [INFO] Hook Succeeded: -1488188577
[19:37:44] [INFO] Exiting.
[19:37:53] [INFO] Loading hotkeys file
[19:37:53] [INFO] Loaded from Data/hotkeys.dat
[19:37:53] [INFO] Loaded from Data/rushconfigs.dat
[19:37:53] [INFO] Successfully created tab index 1
[19:37:53] [INFO] Hooking.
[19:37:53] [INFO] Hook Succeeded: 1558774491
[19:37:57] [INFO] Exiting.
[19:38:02] [INFO] Loading hotkeys file
[19:38:02] [INFO] Loaded from Data/hotkeys.dat
[19:38:02] [INFO] Loaded from Data/rushconfigs.dat
[19:38:02] [INFO] Successfully created tab index 1
[19:38:02] [INFO] Hooking.
[19:38:02] [INFO] Hook Succeeded: -132971291
[19:38:04] [INFO] Exiting.
[19:38:12] [INFO] Loading hotkeys file
[19:38:12] [INFO] Loaded from Data/hotkeys.dat
[19:38:12] [INFO] Loaded from Data/rushconfigs.dat
[19:38:12] [INFO] Successfully created tab index 1
[19:38:12] [INFO] Hooking.
[19:38:12] [INFO] Hook Succeeded: 479596649
[19:38:13] [INFO] Exiting.
[19:38:20] [INFO] Loading hotkeys file
[19:38:20] [INFO] Loaded from Data/hotkeys.dat
[19:38:20] [INFO] Loaded from Data/rushconfigs.dat
[19:38:20] [INFO] Successfully created tab index 1
[19:38:20] [INFO] Hooking.
[19:38:20] [INFO] Hook Succeeded: 1753419611
[19:38:21] [INFO] Exiting.
[19:38:25] [INFO] Loading hotkeys file
[19:38:25] [INFO] Loaded from Data/hotkeys.dat
[19:38:25] [INFO] Loaded from Data/rushconfigs.dat
[19:38:25] [INFO] Successfully created tab index 1
[19:38:25] [INFO] Hooking.
[19:38:25] [INFO] Hook Succeeded: -1652947607
[19:38:28] [INFO] Exiting.
[19:38:34] [INFO] Loading hotkeys file
[19:38:34] [INFO] Loaded from Data/hotkeys.dat
[19:38:34] [INFO] Loaded from Data/rushconfigs.dat
[19:38:34] [INFO] Successfully created tab index 1
[19:38:34] [INFO] Hooking.
[19:38:34] [INFO] Hook Succeeded: -1249243879
[19:38:36] [INFO] Exiting.
[19:38:41] [INFO] Loading hotkeys file
[19:38:41] [INFO] Loaded from Data/hotkeys.dat
[19:38:41] [INFO] Loaded from Data/rushconfigs.dat
[19:38:41] [INFO] Successfully created tab index 1
[19:38:41] [INFO] Hooking.
[19:38:41] [INFO] Hook Succeeded: 673583045
[19:38:45] [INFO] Exiting.
[19:41:06] [INFO] Loading hotkeys file
[19:41:06] [INFO] Loaded from Data/hotkeys.dat
[19:41:06] [INFO] Loaded from Data/rushconfigs.dat
[19:41:06] [INFO] Successfully created tab index 1
[19:41:06] [INFO] Hooking.
[19:41:06] [INFO] Hook Succeeded: -1947989431
[19:41:11] [INFO] Exiting.
[19:41:25] [INFO] Loading hotkeys file
[19:41:25] [INFO] Loaded from Data/hotkeys.dat
[19:41:25] [INFO] Loaded from Data/rushconfigs.dat
[19:41:25] [INFO] Successfully created tab index 1
[19:41:25] [INFO] Hooking.
[19:41:25] [INFO] Hook Succeeded: -1764815643
[19:41:28] [INFO] Exiting.
[19:41:56] [INFO] Loading hotkeys file
[19:41:56] [INFO] Loaded from Data/hotkeys.dat
[19:41:56] [INFO] Loaded from Data/rushconfigs.dat
[19:41:56] [INFO] Successfully created tab index 1
[19:41:56] [INFO] Hooking.
[19:41:56] [INFO] Hook Succeeded: -1271920097
[19:42:01] [INFO] Exiting.
[19:42:12] [INFO] Loading hotkeys file
[19:42:12] [INFO] Loaded from Data/hotkeys.dat
[19:42:12] [INFO] Loaded from Data/rushconfigs.dat
[19:42:12] [INFO] Successfully created tab index 1
[19:42:12] [INFO] Hooking.
[19:42:12] [INFO] Hook Succeeded: 1802764995
[19:42:15] [INFO] Exiting.
[19:42:28] [INFO] Loading hotkeys file
[19:42:28] [INFO] Loaded from Data/hotkeys.dat
[19:42:28] [INFO] Loaded from Data/rushconfigs.dat
[19:42:28] [INFO] Successfully created tab index 1
[19:42:28] [INFO] Hooking.
[19:42:28] [INFO] Hook Succeeded: 807341257
[19:42:35] [INFO] Exiting.
[19:43:08] [INFO] Loading hotkeys file
[19:43:08] [INFO] Loaded from Data/hotkeys.dat
[19:43:08] [INFO] Loaded from Data/rushconfigs.dat
[19:43:08] [INFO] Successfully created tab index 1
[19:43:08] [INFO] Hooking.
[19:43:08] [INFO] Hook Succeeded: 910102601
[19:43:12] [INFO] Exiting.
[19:43:34] [INFO] Loading hotkeys file
[19:43:34] [INFO] Loaded from Data/hotkeys.dat
[19:43:34] [INFO] Loaded from Data/rushconfigs.dat
[19:43:34] [INFO] Successfully created tab index 1
[19:43:34] [INFO] Hooking.
[19:43:34] [INFO] Hook Succeeded: 1750666921
[19:43:50] [INFO] Exiting.
[19:43:57] [INFO] Loading hotkeys file
[19:43:57] [INFO] Loaded from Data/hotkeys.dat
[19:43:57] [INFO] Loaded from Data/rushconfigs.dat
[19:43:57] [INFO] Successfully created tab index 1
[19:43:57] [INFO] Hooking.
[19:43:57] [INFO] Hook Succeeded: -999224443
[19:44:03] [INFO] Exiting.
[19:44:35] [INFO] Loading hotkeys file
[19:44:35] [INFO] Loaded from Data/hotkeys.dat
[19:44:35] [INFO] Loaded from Data/rushconfigs.dat
[19:44:35] [INFO] Successfully created tab index 1
[19:44:35] [INFO] Hooking.
[19:44:35] [INFO] Hook Succeeded: 809962697
[19:44:38] [INFO] Exiting.
[19:44:48] [INFO] Loading hotkeys file
[19:44:48] [INFO] Loaded from Data/hotkeys.dat
[19:44:48] [INFO] Loaded from Data/rushconfigs.dat
[19:44:48] [INFO] Successfully created tab index 1
[19:44:48] [INFO] Hooking.
[19:44:48] [INFO] Hook Succeeded: 1047988855
[19:44:53] [INFO] Exiting.
[19:45:40] [INFO] Loading hotkeys file
[19:45:40] [INFO] Loaded from Data/hotkeys.dat
[19:45:40] [INFO] Loaded from Data/rushconfigs.dat
[19:45:40] [INFO] Successfully created tab index 1
[19:45:40] [INFO] Hooking.
[19:45:40] [INFO] Hook Succeeded: 533269083
[19:45:46] [INFO] Exiting.
[19:45:57] [INFO] Loading hotkeys file
[19:45:57] [INFO] Loaded from Data/hotkeys.dat
[19:45:57] [INFO] Loaded from Data/rushconfigs.dat
[19:45:57] [INFO] Successfully created tab index 1
[19:45:57] [INFO] Hooking.
[19:45:57] [INFO] Hook Succeeded: -1719794219
[19:46:04] [INFO] Exiting.
[19:49:01] [INFO] Loading hotkeys file
[19:49:01] [INFO] Loaded from Data/hotkeys.dat
[19:49:01] [INFO] Loaded from Data/rushconfigs.dat
[19:49:01] [INFO] Successfully created tab index 1
[19:49:01] [INFO] Hooking.
[19:49:01] [INFO] Hook Succeeded: 1289686039
[19:49:06] [INFO] Exiting.
[19:53:14] [INFO] Loading hotkeys file
[19:53:14] [INFO] Loaded from Data/hotkeys.dat
[19:53:14] [INFO] Loaded from Data/rushconfigs.dat
[19:53:14] [INFO] Successfully created tab index 1
[19:53:14] [INFO] Hooking.
[19:53:14] [INFO] Hook Succeeded: -1307833489
[19:53:21] [INFO] Exiting.
[19:57:18] [INFO] Loading hotkeys file
[19:57:18] [INFO] Loaded from Data/hotkeys.dat
[19:57:18] [INFO] Loaded from Data/rushconfigs.dat
[19:57:18] [INFO] Successfully created tab index 1
[19:57:18] [INFO] Hooking.
[19:57:18] [INFO] Hook Succeeded: -684126805
[19:57:23] [INFO] Exiting.
[20:11:09] [INFO] Loading hotkeys file
[20:11:09] [INFO] Loaded from Data/hotkeys.dat
[20:11:09] [INFO] Loaded from Data/rushconfigs.dat
[20:11:09] [INFO] Successfully created tab index 1
[20:11:09] [INFO] Hooking.
[20:11:09] [INFO] Hook Succeeded: 128716951
[20:11:16] [INFO] Exiting.
[20:12:44] [INFO] Loading hotkeys file
[20:12:44] [INFO] Loaded from Data/hotkeys.dat
[20:12:44] [INFO] Loaded from Data/rushconfigs.dat
[20:12:44] [INFO] Successfully created tab index 1
[20:12:44] [INFO] Hooking.
[20:12:44] [INFO] Hook Succeeded: -1562834557
[20:12:47] [INFO] Exiting.
[20:13:33] [INFO] Loading hotkeys file
[20:13:33] [INFO] Loaded from Data/hotkeys.dat
[20:13:33] [INFO] Loaded from Data/rushconfigs.dat
[20:13:33] [INFO] Successfully created tab index 1
[20:13:33] [INFO] Hooking.
[20:13:33] [INFO] Hook Succeeded: 1785856723
[20:13:33] [INFO] Exiting.
[20:13:39] [INFO] Loading hotkeys file
[20:13:39] [INFO] Loaded from Data/hotkeys.dat
[20:13:39] [INFO] Loaded from Data/rushconfigs.dat
[20:13:39] [INFO] Successfully created tab index 1
[20:13:39] [INFO] Hooking.
[20:13:39] [INFO] Hook Succeeded: 1009519195
[20:13:42] [INFO] Exiting.
[20:13:50] [INFO] Loading hotkeys file
[20:13:50] [INFO] Loaded from Data/hotkeys.dat
[20:13:50] [INFO] Loaded from Data/rushconfigs.dat
[20:13:50] [INFO] Successfully created tab index 1
[20:13:50] [INFO] Hooking.
[20:13:50] [INFO] Hook Succeeded: 193728107
[20:13:53] [INFO] Exiting.
[20:14:14] [INFO] Loading hotkeys file
[20:14:14] [INFO] Loaded from Data/hotkeys.dat
[20:14:14] [INFO] Loaded from Data/rushconfigs.dat
[20:14:14] [INFO] Successfully created tab index 1
[20:14:14] [INFO] Hooking.
[20:14:14] [INFO] Hook Succeeded: 23138463
[20:14:20] [INFO] Exiting.
[20:15:11] [INFO] Loading hotkeys file
[20:15:11] [INFO] Loaded from Data/hotkeys.dat
[20:15:11] [INFO] Loaded from Data/rushconfigs.dat
[20:15:11] [INFO] Successfully created tab index 1
[20:15:11] [INFO] Hooking.
[20:15:11] [INFO] Hook Succeeded: 21106923
[20:15:13] [INFO] Exiting.
[20:16:28] [INFO] Loading hotkeys file
[20:16:28] [INFO] Loaded from Data/hotkeys.dat
[20:16:28] [INFO] Loaded from Data/rushconfigs.dat
[20:16:28] [INFO] Successfully created tab index 1
[20:16:28] [INFO] Hooking.
[20:16:28] [INFO] Hook Succeeded: 545786647
[20:16:29] [INFO] Exiting.
[20:16:40] [INFO] Loading hotkeys file
[20:16:40] [INFO] Loaded from Data/hotkeys.dat
[20:16:40] [INFO] Loaded from Data/rushconfigs.dat
[20:16:40] [INFO] Successfully created tab index 1
[20:16:40] [INFO] Hooking.
[20:16:40] [INFO] Hook Succeeded: 157094097
[20:16:48] [INFO] Exiting.
[20:17:30] [INFO] Loading hotkeys file
[20:17:30] [INFO] Loaded from Data/hotkeys.dat
[20:17:30] [INFO] Loaded from Data/rushconfigs.dat
[20:17:30] [INFO] Successfully created tab index 1
[20:17:30] [INFO] Hooking.
[20:17:30] [INFO] Hook Succeeded: 236065011
[20:17:34] [INFO] Exiting.
[20:17:53] [INFO] Loading hotkeys file
[20:17:53] [INFO] Loaded from Data/hotkeys.dat
[20:17:53] [INFO] Loaded from Data/rushconfigs.dat
[20:17:53] [INFO] Successfully created tab index 1
[20:17:53] [INFO] Hooking.
[20:17:53] [INFO] Hook Succeeded: -2121531239
[20:17:54] [INFO] Exiting.
[20:18:13] [INFO] Loading hotkeys file
[20:18:13] [INFO] Loaded from Data/hotkeys.dat
[20:18:13] [INFO] Loaded from Data/rushconfigs.dat
[20:18:13] [INFO] Successfully created tab index 1
[20:18:13] [INFO] Hooking.
[20:18:13] [INFO] Hook Succeeded: 500829849
[20:18:15] [INFO] Exiting.
[20:18:40] [INFO] Loading hotkeys file
[20:18:40] [INFO] Loaded from Data/hotkeys.dat
[20:18:40] [INFO] Loaded from Data/rushconfigs.dat
[20:18:40] [INFO] Successfully created tab index 1
[20:18:40] [INFO] Hooking.
[20:18:40] [INFO] Hook Succeeded: 1941374841
[20:18:42] [INFO] Exiting.
[20:20:23] [INFO] Loading hotkeys file
[20:20:23] [INFO] Loaded from Data/hotkeys.dat
[20:20:23] [INFO] Loaded from Data/rushconfigs.dat
[20:20:23] [INFO] Successfully created tab index 1
[20:20:23] [INFO] Hooking.
[20:20:23] [INFO] Hook Succeeded: 131535087
[20:20:26] [INFO] Exiting.
[20:21:15] [INFO] Loading hotkeys file
[20:21:15] [INFO] Loaded from Data/hotkeys.dat
[20:21:15] [INFO] Loaded from Data/rushconfigs.dat
[20:21:15] [INFO] Successfully created tab index 1
[20:21:15] [INFO] Hooking.
[20:21:15] [INFO] Hook Succeeded: 2047282287
[20:21:19] [INFO] Exiting.
[20:22:01] [INFO] Loading hotkeys file
[20:22:01] [INFO] Loaded from Data/hotkeys.dat
[20:22:01] [INFO] Loaded from Data/rushconfigs.dat
[20:22:01] [INFO] Successfully created tab index 1
[20:22:01] [INFO] Hooking.
[20:22:01] [INFO] Hook Succeeded: 913245025
[20:22:03] [INFO] Exiting.
[20:22:24] [INFO] Loading hotkeys file
[20:22:24] [INFO] Loaded from Data/hotkeys.dat
[20:22:24] [INFO] Loaded from Data/rushconfigs.dat
[20:22:24] [INFO] Successfully created tab index 1
[20:22:24] [INFO] Hooking.
[20:22:24] [INFO] Hook Succeeded: 913834849
[20:22:27] [INFO] Exiting.
[20:26:32] [INFO] Loading hotkeys file
[20:26:32] [INFO] Loaded from Data/hotkeys.dat
[20:26:32] [INFO] Loaded from Data/rushconfigs.dat
[20:26:32] [INFO] Successfully created tab index 1
[20:26:32] [INFO] Hooking.
[20:26:32] [INFO] Hook Succeeded: 880741209
[20:26:36] [INFO] Exiting.
[20:26:49] [INFO] Loading hotkeys file
[20:26:49] [INFO] Loaded from Data/hotkeys.dat
[20:26:49] [INFO] Loaded from Data/rushconfigs.dat
[20:26:49] [INFO] Successfully created tab index 1
[20:26:49] [INFO] Hooking.
[20:26:49] [INFO] Hook Succeeded: 507252853
[20:26:51] [INFO] Exiting.
[20:27:09] [INFO] Loading hotkeys file
[20:27:09] [INFO] Loaded from Data/hotkeys.dat
[20:27:09] [INFO] Loaded from Data/rushconfigs.dat
[20:27:09] [INFO] Successfully created tab index 1
[20:27:09] [INFO] Hooking.
[20:27:09] [INFO] Hook Succeeded: 417927365
[20:27:16] [INFO] Exiting.
[20:27:30] [INFO] Loading hotkeys file
[20:27:30] [INFO] Loaded from Data/hotkeys.dat
[20:27:30] [INFO] Loaded from Data/rushconfigs.dat
[20:27:30] [INFO] Successfully created tab index 1
[20:27:30] [INFO] Hooking.
[20:27:30] [INFO] Hook Succeeded: 498405585
[20:27:35] [INFO] Exiting.
[20:28:06] [INFO] Loading hotkeys file
[20:28:06] [INFO] Loaded from Data/hotkeys.dat
[20:28:06] [INFO] Loaded from Data/rushconfigs.dat
[20:28:07] [INFO] Successfully created tab index 1
[20:28:07] [INFO] Hooking.
[20:28:07] [INFO] Hook Succeeded: 234098449
[20:28:14] [INFO] Exiting.
[20:29:57] [INFO] Loading hotkeys file
[20:29:57] [INFO] Loaded from Data/hotkeys.dat
[20:29:57] [INFO] Loaded from Data/rushconfigs.dat
[20:29:57] [INFO] Successfully created tab index 1
[20:29:57] [INFO] Hooking.
[20:29:57] [INFO] Hook Succeeded: 1421872607
[20:30:32] [INFO] Exiting.
[20:30:56] [INFO] Loading hotkeys file
[20:30:56] [INFO] Loaded from Data/hotkeys.dat
[20:30:56] [INFO] Loaded from Data/rushconfigs.dat
[20:30:56] [INFO] Successfully created tab index 1
[20:30:56] [INFO] Hooking.
[20:30:56] [INFO] Hook Succeeded: 29886859
[20:31:00] [INFO] Exiting.
[20:31:14] [INFO] Loading hotkeys file
[20:31:14] [INFO] Loaded from Data/hotkeys.dat
[20:31:14] [INFO] Loaded from Data/rushconfigs.dat
[20:31:14] [INFO] Successfully created tab index 1
[20:31:14] [INFO] Hooking.
[20:31:14] [INFO] Hook Succeeded: 1223823371
[20:31:22] [INFO] Exiting.
[20:31:34] [INFO] Loading hotkeys file
[20:31:34] [INFO] Loaded from Data/hotkeys.dat
[20:31:34] [INFO] Loaded from Data/rushconfigs.dat
[20:31:34] [INFO] Successfully created tab index 1
[20:31:34] [INFO] Hooking.
[20:31:34] [INFO] Hook Succeeded: 410191735
[20:31:35] [INFO] Found window: Adobe Flash Player 18
[20:31:35] [INFO] Changed current delay to 200ms.
[20:31:41] [INFO] Changed current delay to 1000ms.
[20:31:51] [INFO] Exiting.
[20:32:26] [INFO] Loading hotkeys file
[20:32:26] [INFO] Loaded from Data/hotkeys.dat
[20:32:26] [INFO] Loaded from Data/rushconfigs.dat
[20:32:26] [INFO] Successfully created tab index 1
[20:32:26] [INFO] Hooking.
[20:32:26] [INFO] Hook Succeeded: 359993515
[20:32:29] [INFO] Found window: Adobe Flash Player 18
[20:32:29] [INFO] Changed current delay to 200ms.
[20:32:36] [INFO] Changed current delay to 1000ms.
[20:32:40] [INFO] Exiting.
[20:33:13] [INFO] Loading hotkeys file
[20:33:13] [INFO] Loaded from Data/hotkeys.dat
[20:33:13] [INFO] Loaded from Data/rushconfigs.dat
[20:33:13] [INFO] Successfully created tab index 1
[20:33:13] [INFO] Hooking.
[20:33:13] [INFO] Hook Succeeded: 510724815
[20:33:14] [INFO] LOST
[20:33:15] [INFO] Exiting.
[20:33:23] [INFO] Loading hotkeys file
[20:33:23] [INFO] Loaded from Data/hotkeys.dat
[20:33:23] [INFO] Loaded from Data/rushconfigs.dat
[20:33:23] [INFO] Successfully created tab index 1
[20:33:23] [INFO] Hooking.
[20:33:23] [INFO] Hook Succeeded: 454954757
[20:33:24] [INFO] LOST
[20:33:25] [INFO] LOST
[20:33:26] [INFO] Exiting.
[20:34:01] [INFO] Loading hotkeys file
[20:34:01] [INFO] Loaded from Data/hotkeys.dat
[20:34:01] [INFO] Loaded from Data/rushconfigs.dat
[20:34:01] [INFO] Successfully created tab index 1
[20:34:01] [INFO] Hooking.
[20:34:01] [INFO] Hook Succeeded: -602338427
[20:34:02] [INFO] LOST
[20:34:03] [INFO] LOST
[20:34:03] [INFO] Exiting.
[20:34:37] [INFO] Loading hotkeys file
[20:34:37] [INFO] Loaded from Data/hotkeys.dat
[20:34:37] [INFO] Loaded from Data/rushconfigs.dat
[20:34:37] [INFO] Successfully created tab index 1
[20:34:37] [INFO] Hooking.
[20:34:37] [INFO] Hook Succeeded: -847246147
[20:34:38] [INFO] LOST
[20:34:38] [INFO] Exiting.
[20:34:41] [INFO] Loading hotkeys file
[20:34:41] [INFO] Loaded from Data/hotkeys.dat
[20:34:41] [INFO] Loaded from Data/rushconfigs.dat
[20:34:42] [INFO] Successfully created tab index 1
[20:34:42] [INFO] Hooking.
[20:34:42] [INFO] Hook Succeeded: 444010693
[20:34:42] [INFO] LOST
[20:34:43] [INFO] LOST
[20:34:44] [INFO] Exiting.
[20:35:00] [INFO] Loading hotkeys file
[20:35:00] [INFO] Loaded from Data/hotkeys.dat
[20:35:00] [INFO] Loaded from Data/rushconfigs.dat
[20:35:00] [INFO] Successfully created tab index 1
[20:35:00] [INFO] Hooking.
[20:35:00] [INFO] Hook Succeeded: 187830417
[20:35:01] [INFO] LOST
[20:35:02] [INFO] LOST
[20:35:03] [INFO] LOST
[20:35:04] [INFO] LOST
[20:35:05] [INFO] LOST
[20:35:08] [INFO] Found window: Adobe Flash Player 18
[20:35:08] [INFO] Changed current delay to 200ms.
[20:35:15] [INFO] LOST
[20:35:15] [INFO] Changed current delay to 1000ms.
[20:35:16] [INFO] LOST
[20:35:17] [INFO] LOST
[20:35:18] [INFO] Exiting.
[20:35:49] [INFO] Loading hotkeys file
[20:35:49] [INFO] Loaded from Data/hotkeys.dat
[20:35:49] [INFO] Loaded from Data/rushconfigs.dat
[20:35:49] [INFO] Successfully created tab index 1
[20:35:49] [INFO] Hooking.
[20:35:49] [INFO] Hook Succeeded: 38408325
[20:35:54] [INFO] Found window: Adobe Flash Player 18
[20:35:54] [INFO] Changed current delay to 200ms.
[20:35:57] [INFO] Changed current delay to 1000ms.
[20:36:03] [INFO] Exiting.
[20:37:24] [INFO] Loading hotkeys file
[20:37:24] [INFO] Loaded from Data/hotkeys.dat
[20:37:24] [INFO] Loaded from Data/rushconfigs.dat
[20:37:24] [INFO] Successfully created tab index 1
[20:37:24] [INFO] Hooking.
[20:37:24] [INFO] Hook Succeeded: 1570900895
[20:37:31] [INFO] Found window: Adobe Flash Player 18
[20:37:31] [INFO] Changed current delay to 200ms.
[20:37:37] [INFO] Changed current delay to 1000ms.
[20:37:44] [INFO] Found window: Adobe Flash Player 18
[20:37:44] [INFO] Changed current delay to 200ms.
[20:37:50] [INFO] Changed current delay to 1000ms.
[20:37:52] [INFO] Exiting.
[20:38:08] [INFO] Loading hotkeys file
[20:38:08] [INFO] Loaded from Data/hotkeys.dat
[20:38:08] [INFO] Loaded from Data/rushconfigs.dat
[20:38:08] [INFO] Successfully created tab index 1
[20:38:08] [INFO] Hooking.
[20:38:08] [INFO] Hook Succeeded: 196874481
[20:38:15] [INFO] Found window: Adobe Flash Player 18
[20:38:15] [INFO] Changed current delay to 200ms.
[20:38:23] [INFO] Changed current delay to 1000ms.
[20:38:30] [INFO] Exiting.
[20:41:40] [INFO] Loading hotkeys file
[20:41:40] [INFO] Loaded from Data/hotkeys.dat
[20:41:40] [INFO] Loaded from Data/rushconfigs.dat
[20:41:40] [INFO] Successfully created tab index 1
[20:41:40] [INFO] Hooking.
[20:41:40] [INFO] Hook Succeeded: 224465041
[20:41:46] [INFO] Found window: Adobe Flash Player 18
[20:41:46] [INFO] Changed current delay to 200ms.
[20:41:53] [INFO] Changed current delay to 1000ms.
[20:42:01] [INFO] Exiting.
[20:44:23] [INFO] Loading hotkeys file
[20:44:23] [INFO] Loaded from Data/hotkeys.dat
[20:44:23] [INFO] Loaded from Data/rushconfigs.dat
[20:44:23] [INFO] Successfully created tab index 1
[20:44:23] [INFO] Hooking.
[20:44:23] [INFO] Hook Succeeded: 2008614965
[20:44:26] [INFO] Exiting.
[20:45:31] [INFO] Loading hotkeys file
[20:45:31] [INFO] Loaded from Data/hotkeys.dat
[20:45:31] [INFO] Loaded from Data/rushconfigs.dat
[20:45:31] [INFO] Successfully created tab index 1
[20:45:31] [INFO] Hooking.
[20:45:31] [INFO] Hook Succeeded: -1392834173
[20:45:33] [INFO] Exiting.
[20:45:38] [INFO] Loading hotkeys file
[20:45:38] [INFO] Loaded from Data/hotkeys.dat
[20:45:38] [INFO] Loaded from Data/rushconfigs.dat
[20:45:38] [INFO] Successfully created tab index 1
[20:45:38] [INFO] Hooking.
[20:45:38] [INFO] Hook Succeeded: -710144357
[20:45:41] [INFO] Exiting.
[20:45:52] [INFO] Loading hotkeys file
[20:45:52] [INFO] Loaded from Data/hotkeys.dat
[20:45:52] [INFO] Loaded from Data/rushconfigs.dat
[20:45:52] [INFO] Successfully created tab index 1
[20:45:52] [INFO] Hooking.
[20:45:52] [INFO] Hook Succeeded: 845221759
[20:45:55] [INFO] Exiting.
[20:46:00] [INFO] Loading hotkeys file
[20:46:00] [INFO] Loaded from Data/hotkeys.dat
[20:46:00] [INFO] Loaded from Data/rushconfigs.dat
[20:46:01] [INFO] Successfully created tab index 1
[20:46:01] [INFO] Hooking.
[20:46:01] [INFO] Hook Succeeded: 1333333217
[20:46:11] [INFO] Exiting.
[20:47:07] [INFO] Loading hotkeys file
[20:47:07] [INFO] Loaded from Data/hotkeys.dat
[20:47:07] [INFO] Loaded from Data/rushconfigs.dat
[20:47:07] [INFO] Successfully created tab index 1
[20:47:07] [INFO] Hooking.
[20:47:07] [INFO] Hook Succeeded: -51707467
[20:47:18] [INFO] Exiting.
[20:50:03] [INFO] Loading hotkeys file
[20:50:03] [INFO] Loaded from Data/hotkeys.dat
[20:50:03] [INFO] Loaded from Data/rushconfigs.dat
[20:50:03] [INFO] Successfully created tab index 1
[20:50:03] [INFO] Hooking.
[20:50:03] [INFO] Hook Succeeded: -845280047
[20:50:07] [INFO] Exiting.
[20:51:26] [INFO] Loading hotkeys file
[20:51:26] [INFO] Loaded from Data/hotkeys.dat
[20:51:26] [INFO] Loaded from Data/rushconfigs.dat
[20:51:26] [INFO] Successfully created tab index 1
[20:51:26] [INFO] Hooking.
[20:51:26] [INFO] Hook Succeeded: 1689260105
[20:51:31] [INFO] Exiting.
[20:52:12] [INFO] Loading hotkeys file
[20:52:12] [INFO] Loaded from Data/hotkeys.dat
[20:52:12] [INFO] Loaded from Data/rushconfigs.dat
[20:52:12] [INFO] Successfully created tab index 1
[20:52:12] [INFO] Hooking.
[20:52:12] [INFO] Hook Succeeded: -781054867
[20:52:12] [INFO] Exiting.
[20:56:29] [INFO] Loading hotkeys file
[20:56:29] [INFO] Loaded from Data/hotkeys.dat
[20:56:29] [INFO] Loaded from Data/rushconfigs.dat
[20:56:29] [INFO] Successfully created tab index 1
[20:56:29] [INFO] Hooking.
[20:56:29] [INFO] Hook Succeeded: 627249349
[20:56:32] [INFO] Exiting.
