[18:57:12] [INFO] Loaded from Data/rushconfigs.dat
[18:57:12] [INFO] Successfully created tab index 1
[18:57:12] [INFO] Hooking.
[18:57:12] [INFO] Hook Succeeded: 1224411625
[18:57:13] [INFO] Found window: Adobe Flash Player 18
[18:57:13] [INFO] Changed current delay to 200ms.
[18:57:24] [INFO] Loaded from Data/rushconfigs.dat
[18:57:24] [INFO] Successfully created tab index 1
[18:57:24] [INFO] Hooking.
[18:57:24] [INFO] Hook Succeeded: -958528667
[18:57:24] [INFO] 55
[18:57:24] [INFO] 55
[18:57:25] [INFO] Found window: Adobe Flash Player 18
[18:57:25] [INFO] Changed current delay to 200ms.
[18:57:31] [INFO] 55
[18:57:31] [INFO] 55
[18:57:31] [INFO] 55
[18:57:32] [INFO] 55
[18:57:32] [INFO] 55
[18:57:32] [INFO] 55
[18:57:32] [INFO] 55
[18:57:32] [INFO] 55
[18:57:32] [INFO] 55
[18:57:32] [INFO] 55
[18:57:32] [INFO] 55
[18:57:32] [INFO] 55
[18:57:32] [INFO] 55
[18:57:32] [INFO] 55
[18:57:32] [INFO] 55
[18:57:32] [INFO] 55
[18:57:32] [INFO] 55
[18:57:32] [INFO] 55
[18:57:32] [INFO] 55
[18:57:32] [INFO] 55
[18:57:32] [INFO] 55
[18:57:32] [INFO] 55
[18:57:32] [INFO] 55
[18:57:32] [INFO] 55
[18:57:32] [INFO] 55
[18:57:32] [INFO] 55
[18:57:32] [INFO] 55
[18:57:32] [INFO] 55
[18:57:32] [INFO] 55
[18:57:32] [INFO] 55
[18:57:32] [INFO] 55
[18:57:32] [INFO] 55
[18:57:32] [INFO] 55
[18:57:32] [INFO] 55
[18:57:32] [INFO] 55
[18:57:32] [INFO] 55
[18:57:32] [INFO] 55
[18:57:45] [INFO] Loaded from Data/rushconfigs.dat
[18:57:45] [INFO] Successfully created tab index 1
[18:57:45] [INFO] Hooking.
[18:57:45] [INFO] Hook Succeeded: 865208519
[18:57:45] [INFO] 55
[18:57:45] [INFO] 55
[18:57:46] [INFO] Found window: Adobe Flash Player 18
[18:57:46] [INFO] Changed current delay to 200ms.
[18:57:46] [INFO] 55
[18:57:46] [INFO] 55
[18:57:46] [INFO] 55
[18:57:46] [INFO] 55
[18:57:46] [INFO] 55
[18:57:46] [INFO] 55
[18:57:46] [INFO] 55
[18:57:46] [INFO] 55
[18:57:46] [INFO] 55
[18:57:46] [INFO] 55
[18:57:46] [INFO] 55
[18:57:46] [INFO] 55
[18:57:46] [INFO] 55
[18:57:47] [INFO] 55
[18:57:47] [INFO] 55
[18:57:47] [INFO] 55
[18:57:47] [INFO] 55
[18:57:47] [INFO] 55
[18:57:47] [INFO] 55
[18:57:47] [INFO] 55
[18:57:47] [INFO] 55
[18:57:47] [INFO] 55
[18:57:47] [INFO] 55
[18:57:47] [INFO] 55
[18:57:47] [INFO] 55
[18:57:47] [INFO] 55
[18:57:47] [INFO] 55
[18:57:47] [INFO] 55
[18:57:47] [INFO] 55
[18:57:47] [INFO] 55
[18:57:47] [INFO] 55
[18:57:47] [INFO] 55
[18:57:48] [INFO] 55
[18:57:48] [INFO] 55
[18:58:04] [INFO] Loaded from Data/rushconfigs.dat
[18:58:04] [INFO] Successfully created tab index 1
[18:58:04] [INFO] Hooking.
[18:58:04] [INFO] Hook Succeeded: 326045229
[18:58:04] [INFO] 55
[18:58:04] [INFO] 55
[18:58:04] [INFO] 55
[18:58:04] [INFO] 55
[18:58:04] [INFO] 55
[18:58:05] [INFO] 55
[18:58:05] [INFO] 55
[18:58:05] [INFO] Found window: Adobe Flash Player 18
[18:58:05] [INFO] Changed current delay to 200ms.
[18:58:05] [INFO] 55
[18:58:05] [INFO] 55
[18:58:05] [INFO] 55
[18:58:05] [INFO] 55
[18:58:05] [INFO] 55
[18:58:05] [INFO] 55
[18:58:05] [INFO] 55
[18:58:05] [INFO] 55
[18:58:05] [INFO] 55
[18:58:05] [INFO] 55
[18:58:05] [INFO] 55
[18:58:05] [INFO] 55
[18:58:05] [INFO] 55
[18:58:05] [INFO] 55
[18:58:05] [INFO] 55
[18:58:05] [INFO] 55
[18:58:05] [INFO] 55
[18:58:05] [INFO] 55
[18:58:05] [INFO] 55
[18:58:05] [INFO] 55
[18:58:09] [INFO] Loaded from Data/rushconfigs.dat
[18:58:09] [INFO] Successfully created tab index 1
[18:58:09] [INFO] Hooking.
[18:58:09] [INFO] Hook Succeeded: -1687091013
[18:58:10] [INFO] Found window: Adobe Flash Player 18
[18:58:10] [INFO] Changed current delay to 200ms.
[18:58:17] [INFO] Loaded from Data/rushconfigs.dat
[18:58:17] [INFO] Successfully created tab index 1
[18:58:17] [INFO] Hooking.
[18:58:17] [INFO] Hook Succeeded: -1333719231
[18:58:18] [INFO] Found window: Adobe Flash Player 18
[18:58:18] [INFO] Changed current delay to 200ms.
[18:58:23] [INFO] Loaded from Data/rushconfigs.dat
[18:58:23] [INFO] Successfully created tab index 1
[18:58:23] [INFO] Hooking.
[18:58:23] [INFO] Hook Succeeded: -1333653695
[18:58:24] [INFO] Found window: Adobe Flash Player 18
[18:58:24] [INFO] Changed current delay to 200ms.
[18:58:52] [INFO] Loaded from Data/rushconfigs.dat
[18:58:52] [INFO] Successfully created tab index 1
[18:58:52] [INFO] Hooking.
[18:58:52] [INFO] Hook Succeeded: 1891500553
[18:58:53] [INFO] Found window: Adobe Flash Player 18
[18:58:53] [INFO] Changed current delay to 200ms.
[18:59:59] [INFO] Loaded from Data/rushconfigs.dat
[18:59:59] [INFO] Successfully created tab index 1
[18:59:59] [INFO] Hooking.
[18:59:59] [INFO] Hook Succeeded: -254800915
[19:00:00] [INFO] Found window: Adobe Flash Player 18
[19:00:00] [INFO] Changed current delay to 200ms.
[19:00:26] [INFO] Loaded from Data/rushconfigs.dat
[19:00:26] [INFO] Successfully created tab index 1
[19:00:26] [INFO] Hooking.
[19:00:26] [INFO] Hook Succeeded: 101846617
[19:00:27] [INFO] Found window: Adobe Flash Player 18
[19:00:27] [INFO] Changed current delay to 200ms.
[19:01:14] [INFO] Loaded from Data/rushconfigs.dat
[19:01:14] [INFO] Successfully created tab index 1
[19:01:14] [INFO] Hooking.
[19:01:14] [INFO] Hook Succeeded: 1908542233
[19:01:15] [INFO] Found window: Adobe Flash Player 18
[19:01:15] [INFO] Changed current delay to 200ms.
[19:04:08] [INFO] Loaded from Data/rushconfigs.dat
[19:04:08] [INFO] Successfully created tab index 1
[19:04:08] [INFO] Hooking.
[19:04:08] [INFO] Hook Succeeded: 1612451337
[19:04:09] [INFO] Found window: Adobe Flash Player 18
[19:04:09] [INFO] Changed current delay to 200ms.
[19:04:09] [INFO] Exiting.
[19:04:15] [INFO] Loaded from Data/rushconfigs.dat
[19:04:15] [INFO] Successfully created tab index 1
[19:04:15] [INFO] Hooking.
[19:04:15] [INFO] Hook Succeeded: 301338545
[19:04:16] [INFO] Found window: Adobe Flash Player 18
[19:04:16] [INFO] Changed current delay to 200ms.
[19:04:25] [INFO] Exiting.
[19:06:47] [INFO] Loaded from Data/rushconfigs.dat
[19:06:47] [INFO] Successfully created tab index 1
[19:06:47] [INFO] Hooking.
[19:06:47] [INFO] Hook Succeeded: -1455027437
[19:06:48] [INFO] Found window: Adobe Flash Player 18
[19:06:48] [INFO] Changed current delay to 200ms.
[19:06:57] [INFO] Exiting.
[19:08:10] [INFO] Loaded from Data/rushconfigs.dat
[19:08:10] [INFO] Successfully created tab index 1
[19:08:10] [INFO] Hooking.
[19:08:10] [INFO] Hook Succeeded: -840298533
[19:08:11] [INFO] Found window: Adobe Flash Player 18
[19:08:11] [INFO] Changed current delay to 200ms.
[19:08:13] [INFO] Exiting.
[19:08:16] [INFO] Loaded from Data/rushconfigs.dat
[19:08:16] [INFO] Successfully created tab index 1
[19:08:16] [INFO] Hooking.
[19:08:16] [INFO] Hook Succeeded: -1904408305
[19:08:17] [INFO] Found window: Adobe Flash Player 18
[19:08:17] [INFO] Changed current delay to 200ms.
[19:08:31] [INFO] Exiting.
[19:09:15] [INFO] Loaded from Data/rushconfigs.dat
[19:09:15] [INFO] Successfully created tab index 1
[19:09:15] [INFO] Hooking.
[19:09:15] [INFO] Hook Succeeded: 679612101
[19:09:16] [INFO] Found window: Adobe Flash Player 18
[19:09:16] [INFO] Changed current delay to 200ms.
[19:09:19] [INFO] Exiting.
[19:09:23] [INFO] Loaded from Data/rushconfigs.dat
[19:09:23] [INFO] Successfully created tab index 1
[19:09:23] [INFO] Hooking.
[19:09:23] [INFO] Hook Succeeded: -306573383
[19:09:24] [INFO] Found window: Adobe Flash Player 18
[19:09:24] [INFO] Changed current delay to 200ms.
[19:09:25] [INFO] Exiting.
[19:11:42] [INFO] Loaded from Data/rushconfigs.dat
[19:11:42] [INFO] Successfully created tab index 1
[19:11:42] [INFO] Hooking.
[19:11:42] [INFO] Hook Succeeded: 1299057601
[19:11:43] [INFO] Found window: Adobe Flash Player 18
[19:11:43] [INFO] Changed current delay to 200ms.
[19:11:45] [INFO] Exiting.
[19:27:24] [INFO] Loaded from Data/rushconfigs.dat
[19:27:24] [INFO] Successfully created tab index 1
[19:27:24] [INFO] Hooking.
[19:27:24] [INFO] Hook Succeeded: 2065039421
[19:27:30] [INFO] Found window: Adobe Flash Player 18
[19:27:30] [INFO] Changed current delay to 200ms.
[19:28:08] [INFO] Exiting.
[19:28:40] [INFO] Loaded from Data/rushconfigs.dat
[19:28:41] [INFO] Successfully created tab index 1
[19:28:41] [INFO] Hooking.
[19:28:41] [INFO] Hook Succeeded: 1515916877
[19:28:42] [INFO] Found window: Adobe Flash Player 18
[19:28:42] [INFO] Changed current delay to 200ms.
[19:29:02] [INFO] Saved to Data/rushconfigs.dat
[19:29:03] [INFO] Saved to Data/rushconfigs.dat
[19:29:04] [INFO] Saved to Data/rushconfigs.dat
[19:29:04] [INFO] Saved to Data/rushconfigs.dat
[19:29:04] [INFO] Saved to Data/rushconfigs.dat
[19:29:04] [INFO] Saved to Data/rushconfigs.dat
[19:29:12] [INFO] Exiting.
[19:30:18] [INFO] Loaded from Data/rushconfigs.dat
[19:30:18] [INFO] Successfully created tab index 1
[19:30:18] [INFO] Hooking.
[19:30:18] [INFO] Hook Succeeded: 671549045
[19:30:19] [INFO] Found window: Adobe Flash Player 18
[19:30:19] [INFO] Changed current delay to 200ms.
[19:30:22] [INFO] Exiting.
[19:30:38] [INFO] Loaded from Data/rushconfigs.dat
[19:30:38] [INFO] Successfully created tab index 1
[19:30:38] [INFO] Hooking.
[19:30:38] [INFO] Hook Succeeded: 1205932007
[19:30:39] [INFO] Found window: Adobe Flash Player 18
[19:30:39] [INFO] Changed current delay to 200ms.
[19:30:43] [INFO] Successfully set hotkey number 1 as Escape.
[19:30:43] [INFO] Saved to Data/hotkeys.dat
[19:30:52] [INFO] Exiting.
[19:32:00] [INFO] Loading hotkeys file
[19:32:00] [INFO] Loaded from Data/hotkeys.dat
[19:32:00] [INFO] Loaded from Data/rushconfigs.dat
[19:32:00] [INFO] Successfully created tab index 1
[19:32:00] [INFO] Hooking.
[19:32:00] [INFO] Hook Succeeded: -1197995517
[19:32:01] [INFO] Found window: Adobe Flash Player 18
[19:32:01] [INFO] Changed current delay to 200ms.
[19:32:04] [INFO] Exiting.
[19:32:27] [INFO] Loading hotkeys file
[19:32:27] [INFO] Loaded from Data/hotkeys.dat
[19:32:27] [INFO] Loaded from Data/rushconfigs.dat
[19:32:27] [INFO] Successfully created tab index 1
[19:32:27] [INFO] Hooking.
[19:32:27] [INFO] Hook Succeeded: 1685588847
[19:32:28] [INFO] Found window: Adobe Flash Player 18
[19:32:28] [INFO] Changed current delay to 200ms.
[19:32:33] [INFO] Exiting.
[19:33:28] [INFO] Loading hotkeys file
[19:33:28] [INFO] Loaded from Data/hotkeys.dat
[19:33:28] [INFO] Loaded from Data/rushconfigs.dat
[19:33:28] [INFO] Successfully created tab index 1
[19:33:28] [INFO] Hooking.
[19:33:28] [INFO] Hook Succeeded: 491586367
[19:33:29] [INFO] Found window: Adobe Flash Player 18
[19:33:29] [INFO] Changed current delay to 200ms.
[19:33:34] [INFO] Exiting.
[19:34:35] [INFO] Loading hotkeys file
[19:34:35] [INFO] Loaded from Data/hotkeys.dat
[19:34:35] [INFO] Loaded from Data/rushconfigs.dat
[19:34:35] [INFO] Successfully created tab index 1
[19:34:35] [INFO] Hooking.
[19:34:35] [INFO] Hook Succeeded: 1257770263
[19:34:36] [INFO] Found window: Adobe Flash Player 18
[19:34:36] [INFO] Changed current delay to 200ms.
[19:34:41] [INFO] Exiting.
[19:36:10] [INFO] Loading hotkeys file
[19:36:10] [INFO] Loaded from Data/hotkeys.dat
[19:36:10] [INFO] Loaded from Data/rushconfigs.dat
[19:36:10] [INFO] Successfully created tab index 1
[19:36:10] [INFO] Hooking.
[19:36:10] [INFO] Hook Succeeded: 1660946563
[19:36:11] [INFO] Found window: Adobe Flash Player 18
[19:36:11] [INFO] Changed current delay to 200ms.
[19:36:16] [INFO] Exiting.
[19:42:42] [INFO] Loading hotkeys file
[19:42:42] [INFO] Loaded from Data/hotkeys.dat
[19:42:42] [INFO] Loaded from Data/rushconfigs.dat
[19:42:42] [INFO] Successfully created tab index 1
[19:42:42] [INFO] Hooking.
[19:42:42] [INFO] Hook Succeeded: 2039418315
[19:42:43] [INFO] Found window: Adobe Flash Player 18
[19:42:43] [INFO] Changed current delay to 200ms.
[19:42:45] [INFO] Exiting.
[19:43:38] [INFO] Loading hotkeys file
[19:43:38] [INFO] Loaded from Data/hotkeys.dat
[19:43:38] [INFO] Loaded from Data/rushconfigs.dat
[19:43:38] [INFO] Successfully created tab index 1
[19:43:38] [INFO] Hooking.
[19:43:38] [INFO] Hook Succeeded: 1086982251
[19:43:39] [INFO] Found window: Adobe Flash Player 18
[19:43:39] [INFO] Changed current delay to 200ms.
[19:43:43] [INFO] Exiting.
[19:44:08] [INFO] Loading hotkeys file
[19:44:08] [INFO] Loaded from Data/hotkeys.dat
[19:44:08] [INFO] Loaded from Data/rushconfigs.dat
[19:44:08] [INFO] Successfully created tab index 1
[19:44:08] [INFO] Hooking.
[19:44:08] [INFO] Hook Succeeded: 866127201
[19:44:09] [INFO] Found window: Adobe Flash Player 18
[19:44:09] [INFO] Changed current delay to 200ms.
[19:44:10] [INFO] Exiting.
[19:44:22] [INFO] Loading hotkeys file
[19:44:22] [INFO] Loaded from Data/hotkeys.dat
[19:44:22] [INFO] Loaded from Data/rushconfigs.dat
[19:44:22] [INFO] Successfully created tab index 1
[19:44:22] [INFO] Hooking.
[19:44:22] [INFO] Hook Succeeded: 388563327
[19:44:23] [INFO] Found window: Adobe Flash Player 18
[19:44:23] [INFO] Changed current delay to 200ms.
[19:44:25] [INFO] Saved to Data/rushconfigs.dat
[19:44:25] [INFO] Saved to Data/rushconfigs.dat
[19:44:27] [INFO] Exiting.
[19:44:49] [INFO] Loading hotkeys file
[19:44:49] [INFO] Loaded from Data/hotkeys.dat
[19:44:49] [INFO] Loaded from Data/rushconfigs.dat
[19:44:49] [INFO] Successfully created tab index 1
[19:44:49] [INFO] Hooking.
[19:44:49] [INFO] Hook Succeeded: 206897837
[19:44:50] [INFO] Found window: Adobe Flash Player 18
[19:44:50] [INFO] Changed current delay to 200ms.
[19:44:51] [INFO] Exiting.
[19:45:14] [INFO] Loading hotkeys file
[19:45:14] [INFO] Loaded from Data/hotkeys.dat
[19:45:14] [INFO] Loaded from Data/rushconfigs.dat
[19:45:14] [INFO] Successfully created tab index 1
[19:45:14] [INFO] Hooking.
[19:45:14] [INFO] Hook Succeeded: 898764129
[19:45:15] [INFO] Found window: Adobe Flash Player 18
[19:45:15] [INFO] Changed current delay to 200ms.
[19:45:17] [INFO] Exiting.
[19:46:36] [INFO] Loading hotkeys file
[19:46:36] [INFO] Loaded from Data/hotkeys.dat
[19:46:36] [INFO] Loaded from Data/rushconfigs.dat
[19:46:36] [INFO] Successfully created tab index 1
[19:46:36] [INFO] Hooking.
[19:46:36] [INFO] Hook Succeeded: 1179127817
[19:46:37] [INFO] Found window: Adobe Flash Player 18
[19:46:37] [INFO] Changed current delay to 200ms.
[19:46:38] [INFO] Exiting.
[19:46:48] [INFO] Loading hotkeys file
[19:46:48] [INFO] Loaded from Data/hotkeys.dat
[19:46:48] [INFO] Loaded from Data/rushconfigs.dat
[19:46:48] [INFO] Successfully created tab index 1
[19:46:48] [INFO] Hooking.
[19:46:48] [INFO] Hook Succeeded: 376572579
[19:46:49] [INFO] Found window: Adobe Flash Player 18
[19:46:49] [INFO] Changed current delay to 200ms.
[19:46:52] [INFO] Exiting.
[19:49:29] [INFO] Loading hotkeys file
[19:49:29] [INFO] Loaded from Data/hotkeys.dat
[19:49:29] [INFO] Loaded from Data/rushconfigs.dat
[19:49:29] [INFO] Successfully created tab index 1
[19:49:29] [INFO] Hooking.
[19:49:29] [INFO] Hook Succeeded: 266207365
[19:49:30] [INFO] Found window: Adobe Flash Player 18
[19:49:30] [INFO] Changed current delay to 200ms.
[19:49:39] [INFO] Exiting.
[19:50:46] [INFO] Loading hotkeys file
[19:50:46] [INFO] Loaded from Data/hotkeys.dat
[19:50:46] [INFO] Loaded from Data/rushconfigs.dat
[19:50:46] [INFO] Successfully created tab index 1
[19:50:46] [INFO] Hooking.
[19:50:46] [INFO] Hook Succeeded: 1962475835
[19:50:47] [INFO] Found window: Adobe Flash Player 18
[19:50:47] [INFO] Changed current delay to 200ms.
[19:50:48] [INFO] Exiting.
[19:54:40] [INFO] Loading hotkeys file
[19:54:40] [INFO] Loaded from Data/hotkeys.dat
[19:54:40] [INFO] Loaded from Data/rushconfigs.dat
[19:54:40] [INFO] Successfully created tab index 1
[19:54:40] [INFO] Hooking.
[19:54:40] [INFO] Hook Succeeded: 1019022291
[19:54:41] [INFO] Found window: Adobe Flash Player 18
[19:54:41] [INFO] Changed current delay to 200ms.
[19:54:43] [INFO] Exiting.
[19:54:46] [INFO] Loading hotkeys file
[19:54:46] [INFO] Loaded from Data/hotkeys.dat
[19:54:46] [INFO] Loaded from Data/rushconfigs.dat
[19:54:46] [INFO] Successfully created tab index 1
[19:54:46] [INFO] Hooking.
[19:54:46] [INFO] Hook Succeeded: 1207305991
[19:54:47] [INFO] Found window: Adobe Flash Player 18
[19:54:47] [INFO] Changed current delay to 200ms.
[19:54:48] [INFO] Exiting.
[19:55:55] [INFO] Loading hotkeys file
[19:55:55] [INFO] Loaded from Data/hotkeys.dat
[19:55:55] [INFO] Loaded from Data/rushconfigs.dat
[19:55:55] [INFO] Successfully created tab index 1
[19:55:55] [INFO] Hooking.
[19:55:55] [INFO] Hook Succeeded: -382991181
[19:55:56] [INFO] Found window: Adobe Flash Player 18
[19:55:56] [INFO] Changed current delay to 200ms.
[19:55:58] [INFO] Exiting.
[19:56:21] [INFO] Loading hotkeys file
[19:56:21] [INFO] Loaded from Data/hotkeys.dat
[19:56:21] [INFO] Loaded from Data/rushconfigs.dat
[19:56:21] [INFO] Successfully created tab index 1
[19:56:21] [INFO] Hooking.
[19:56:21] [INFO] Hook Succeeded: -2130244039
[19:56:22] [INFO] Found window: Adobe Flash Player 18
[19:56:22] [INFO] Changed current delay to 200ms.
[19:56:32] [INFO] Exiting.
[20:43:55] [INFO] Loading hotkeys file
[20:43:55] [INFO] Loaded from Data/hotkeys.dat
[20:43:55] [INFO] Loaded from Data/rushconfigs.dat
[20:43:55] [INFO] Successfully created tab index 1
[20:43:55] [INFO] Hooking.
[20:43:55] [INFO] Hook Succeeded: 173019149
[20:43:56] [INFO] Found window: Adobe Flash Player 18
[20:43:56] [INFO] Changed current delay to 200ms.
[20:44:07] [INFO] Changed current delay to 1000ms.
[20:44:09] [INFO] Exiting.
[20:44:55] [INFO] Loading hotkeys file
[20:44:55] [INFO] Loaded from Data/hotkeys.dat
[20:44:55] [INFO] Loaded from Data/rushconfigs.dat
[20:44:55] [INFO] Successfully created tab index 1
[20:44:55] [INFO] Hooking.
[20:44:55] [INFO] Hook Succeeded: -1891103223
[20:45:08] [INFO] Found window: Adobe Flash Player 18
[20:45:08] [INFO] Changed current delay to 200ms.
[20:45:13] [INFO] Exiting.
[20:46:44] [INFO] Loading hotkeys file
[20:46:44] [INFO] Loaded from Data/hotkeys.dat
[20:46:44] [INFO] Loaded from Data/rushconfigs.dat
[20:46:44] [INFO] Successfully created tab index 1
[20:46:44] [INFO] Hooking.
[20:46:44] [INFO] Hook Succeeded: -1377367555
[20:46:45] [INFO] Found window: Adobe Flash Player 18
[20:46:45] [INFO] Changed current delay to 200ms.
[20:46:47] [INFO] Exiting.
[20:48:45] [INFO] Loading hotkeys file
[20:48:45] [INFO] Loaded from Data/hotkeys.dat
[20:48:45] [INFO] Loaded from Data/rushconfigs.dat
[20:48:45] [INFO] Successfully created tab index 1
[20:48:45] [INFO] Hooking.
[20:48:45] [INFO] Hook Succeeded: 1641547467
[20:48:46] [INFO] Found window: Adobe Flash Player 18
[20:48:46] [INFO] Changed current delay to 200ms.
[20:48:50] [INFO] Exiting.
[20:49:18] [INFO] Loading hotkeys file
[20:49:18] [INFO] Loaded from Data/hotkeys.dat
[20:49:18] [INFO] Loaded from Data/rushconfigs.dat
[20:49:19] [INFO] Successfully created tab index 1
[20:49:19] [INFO] Hooking.
[20:49:19] [INFO] Hook Succeeded: 1516309217
[20:49:19] [INFO] Found window: Adobe Flash Player 18
[20:49:19] [INFO] Changed current delay to 200ms.
[20:49:23] [INFO] Exiting.
[20:50:47] [INFO] Loading hotkeys file
[20:50:47] [INFO] Loaded from Data/hotkeys.dat
[20:50:47] [INFO] Loaded from Data/rushconfigs.dat
[20:50:47] [INFO] Successfully created tab index 1
[20:50:47] [INFO] Hooking.
[20:50:47] [INFO] Hook Succeeded: 691736425
[20:50:48] [INFO] Found window: Adobe Flash Player 18
[20:50:48] [INFO] Changed current delay to 200ms.
[20:50:52] [INFO] Exiting.
[20:51:00] [INFO] Loading hotkeys file
[20:51:00] [INFO] Loaded from Data/hotkeys.dat
[20:51:00] [INFO] Loaded from Data/rushconfigs.dat
[20:51:00] [INFO] Successfully created tab index 1
[20:51:00] [INFO] Hooking.
[20:51:00] [INFO] Hook Succeeded: 327225357
[20:51:01] [INFO] Found window: Adobe Flash Player 18
[20:51:01] [INFO] Changed current delay to 200ms.
[20:51:04] [INFO] Exiting.
[20:51:09] [INFO] Loading hotkeys file
[20:51:09] [INFO] Loaded from Data/hotkeys.dat
[20:51:09] [INFO] Loaded from Data/rushconfigs.dat
[20:51:09] [INFO] Successfully created tab index 1
[20:51:09] [INFO] Hooking.
[20:51:09] [INFO] Hook Succeeded: 181604281
[20:51:10] [INFO] Found window: Adobe Flash Player 18
[20:51:10] [INFO] Changed current delay to 200ms.
[20:51:13] [INFO] Exiting.
[20:51:28] [INFO] Loading hotkeys file
[20:51:28] [INFO] Loaded from Data/hotkeys.dat
[20:51:28] [INFO] Loaded from Data/rushconfigs.dat
[20:51:28] [INFO] Successfully created tab index 1
[20:51:28] [INFO] Hooking.
[20:51:28] [INFO] Hook Succeeded: 1318915041
[20:51:29] [INFO] Found window: Adobe Flash Player 18
[20:51:29] [INFO] Changed current delay to 200ms.
[20:51:33] [INFO] Saved to Data/rushconfigs.dat
[20:51:34] [INFO] Saved to Data/rushconfigs.dat
[20:51:43] [INFO] Exiting.
[20:55:28] [INFO] Loading hotkeys file
[20:55:28] [INFO] Loaded from Data/hotkeys.dat
[20:55:28] [INFO] Loaded from Data/rushconfigs.dat
[20:55:28] [INFO] Successfully created tab index 1
[20:55:28] [INFO] Hooking.
[20:55:28] [INFO] Hook Succeeded: -485749899
[20:55:29] [INFO] Found window: Adobe Flash Player 18
[20:55:29] [INFO] Changed current delay to 200ms.
[20:55:34] [INFO] Exiting.
[20:56:25] [INFO] Loading hotkeys file
[20:56:25] [INFO] Loaded from Data/hotkeys.dat
[20:56:25] [INFO] Loaded from Data/rushconfigs.dat
[20:56:25] [INFO] Successfully created tab index 1
[20:56:25] [INFO] Hooking.
[20:56:25] [INFO] Hook Succeeded: 1911032521
[20:56:29] [INFO] Exiting.
[21:00:41] [INFO] Loading hotkeys file
[21:00:41] [INFO] Loaded from Data/hotkeys.dat
[21:00:41] [INFO] Loaded from Data/rushconfigs.dat
[21:00:41] [INFO] Successfully created tab index 1
[21:00:41] [INFO] Hooking.
[21:00:41] [INFO] Hook Succeeded: 583142455
[21:00:41] [INFO] 0: 4
[21:00:41] [INFO] 3: 226
[21:00:44] [INFO] 0: 4
[21:00:44] [INFO] 3: 226
[21:00:44] [INFO] 0: 4
[21:00:44] [INFO] 3: 226
[21:00:49] [INFO] 0: 4
[21:00:49] [INFO] 3: 226
[21:00:58] [INFO] Loading hotkeys file
[21:00:58] [INFO] Loaded from Data/hotkeys.dat
[21:00:58] [INFO] Loaded from Data/rushconfigs.dat
[21:00:59] [INFO] Successfully created tab index 1
[21:00:59] [INFO] Hooking.
[21:00:59] [INFO] Hook Succeeded: -1833367721
[21:00:59] [INFO] 0: 4
[21:00:59] [INFO] 1: 66
[21:00:59] [INFO] 2: 140
[21:00:59] [INFO] 3: 226
[21:01:00] [INFO] 0: 4
[21:01:00] [INFO] 1: 66
[21:01:00] [INFO] 2: 140
[21:01:00] [INFO] 3: 226
[21:01:00] [INFO] 0: 4
[21:01:00] [INFO] 1: 66
[21:01:00] [INFO] 2: 140
[21:01:00] [INFO] 3: 226
[21:01:09] [INFO] 0: 4
[21:01:09] [INFO] 1: 66
[21:01:09] [INFO] 2: 140
[21:01:09] [INFO] 3: 226
[21:01:57] [INFO] Loading hotkeys file
[21:01:57] [INFO] Loaded from Data/hotkeys.dat
[21:01:57] [INFO] Loaded from Data/rushconfigs.dat
[21:01:57] [INFO] Successfully created tab index 1
[21:01:57] [INFO] Hooking.
[21:01:57] [INFO] Hook Succeeded: -959836203
[21:01:57] [INFO] 0: 2
[21:01:57] [INFO] 1: 2
[21:01:57] [INFO] 2: 2
[21:01:57] [INFO] 3: 2
[21:02:00] [INFO] 0: 2
[21:02:00] [INFO] 1: 2
[21:02:00] [INFO] 2: 2
[21:02:00] [INFO] 3: 2
[21:02:00] [INFO] 0: 2
[21:02:00] [INFO] 1: 2
[21:02:00] [INFO] 2: 2
[21:02:00] [INFO] 3: 2
[21:02:02] [INFO] 0: 2
[21:02:02] [INFO] 1: 2
[21:02:02] [INFO] 2: 2
[21:02:02] [INFO] 3: 2
[21:02:02] [INFO] Exiting.
[21:02:38] [INFO] Loading hotkeys file
[21:02:38] [INFO] Loaded from Data/hotkeys.dat
[21:02:38] [INFO] Loaded from Data/rushconfigs.dat
[21:02:38] [INFO] Successfully created tab index 1
[21:02:38] [INFO] Hooking.
[21:02:38] [INFO] Hook Succeeded: -2128999849
[21:02:38] [INFO] 0: 4
[21:02:38] [INFO] 3: 226
[21:02:40] [INFO] 0: 4
[21:02:40] [INFO] 3: 226
[21:02:40] [INFO] 0: 4
[21:02:40] [INFO] 3: 226
[21:02:41] [INFO] 0: 4
[21:02:41] [INFO] 3: 226
[21:02:42] [INFO] Exiting.
[21:03:06] [INFO] Loading hotkeys file
[21:03:06] [INFO] Loaded from Data/hotkeys.dat
[21:03:06] [INFO] Loaded from Data/rushconfigs.dat
[21:03:06] [INFO] Successfully created tab index 1
[21:03:06] [INFO] Hooking.
[21:03:06] [INFO] Hook Succeeded: 1881803033
[21:03:06] [INFO] 0: 2
[21:03:06] [INFO] 1: 2
[21:03:06] [INFO] 2: 2
[21:03:06] [INFO] 3: 2
[21:03:08] [INFO] 0: 2
[21:03:08] [INFO] 1: 2
[21:03:08] [INFO] 2: 2
[21:03:08] [INFO] 3: 2
[21:03:08] [INFO] 0: 2
[21:03:08] [INFO] 1: 2
[21:03:08] [INFO] 2: 2
[21:03:08] [INFO] 3: 2
[21:03:11] [INFO] 0: 2
[21:03:11] [INFO] 1: 2
[21:03:11] [INFO] 2: 2
[21:03:11] [INFO] 3: 2
[21:03:11] [INFO] Exiting.
[21:03:17] [INFO] Loading hotkeys file
[21:03:17] [INFO] Loaded from Data/hotkeys.dat
[21:03:17] [INFO] Loaded from Data/rushconfigs.dat
[21:03:17] [INFO] Successfully created tab index 1
[21:03:17] [INFO] Hooking.
[21:03:17] [INFO] Hook Succeeded: -922742827
[21:03:18] [INFO] Exiting.
[21:03:21] [INFO] Loading hotkeys file
[21:03:21] [INFO] Loaded from Data/hotkeys.dat
[21:03:21] [INFO] Loaded from Data/rushconfigs.dat
[21:03:21] [INFO] Successfully created tab index 1
[21:03:21] [INFO] Hooking.
[21:03:21] [INFO] Hook Succeeded: 1858011399
[21:03:39] [INFO] Exiting.
[21:07:46] [INFO] Loading hotkeys file
[21:07:46] [INFO] Loaded from Data/hotkeys.dat
[21:07:46] [INFO] Loaded from Data/rushconfigs.dat
[21:07:46] [INFO] Successfully created tab index 1
[21:07:46] [INFO] Hooking.
[21:07:46] [INFO] Hook Succeeded: 823069451
[21:07:49] [INFO] Exiting.
[21:07:56] [INFO] Loading hotkeys file
[21:07:56] [INFO] Loaded from Data/hotkeys.dat
[21:07:56] [INFO] Loaded from Data/rushconfigs.dat
[21:07:56] [INFO] Successfully created tab index 1
[21:07:57] [INFO] Hooking.
[21:07:57] [INFO] Hook Succeeded: 325128027
[21:07:57] [INFO] 33
[21:07:57] [INFO] 33
[21:07:57] [INFO] 33
[21:07:57] [INFO] 33
[21:07:57] [INFO] 33
[21:07:57] [INFO] 33
[21:07:57] [INFO] 33
[21:07:57] [INFO] 33
[21:07:58] [INFO] 33
[21:07:58] [INFO] 33
[21:07:58] [INFO] 33
[21:07:58] [INFO] 33
[21:07:58] [INFO] 33
[21:07:58] [INFO] 33
[21:07:59] [INFO] 33
[21:07:59] [INFO] 33
[21:07:59] [INFO] Exiting.
[21:10:38] [INFO] Loading hotkeys file
[21:10:38] [INFO] Loaded from Data/hotkeys.dat
[21:10:38] [INFO] Loaded from Data/rushconfigs.dat
[21:10:38] [INFO] Successfully created tab index 1
[21:10:38] [INFO] Hooking.
[21:10:38] [INFO] Hook Succeeded: 319425787
[21:10:38] [INFO] 33
[21:10:38] [INFO] 33
[21:10:38] [INFO] 33
[21:10:38] [INFO] 33
[21:10:50] [INFO] Loading hotkeys file
[21:10:50] [INFO] Loaded from Data/hotkeys.dat
[21:10:50] [INFO] Loaded from Data/rushconfigs.dat
[21:10:50] [INFO] Successfully created tab index 1
[21:10:50] [INFO] Hooking.
[21:10:50] [INFO] Hook Succeeded: 817236101
[21:10:52] [INFO] Exiting.
[21:10:57] [INFO] Loading hotkeys file
[21:10:57] [INFO] Loaded from Data/hotkeys.dat
[21:10:57] [INFO] Loaded from Data/rushconfigs.dat
[21:10:58] [INFO] Successfully created tab index 1
[21:10:58] [INFO] Hooking.
[21:10:58] [INFO] Hook Succeeded: 1992363305
[21:11:00] [INFO] Exiting.
[21:11:14] [INFO] Loading hotkeys file
[21:11:14] [INFO] Loaded from Data/hotkeys.dat
[21:11:14] [INFO] Loaded from Data/rushconfigs.dat
[21:11:14] [INFO] Successfully created tab index 1
[21:11:14] [INFO] Hooking.
[21:11:14] [INFO] Hook Succeeded: 2041186585
[21:11:16] [INFO] Exiting.
[21:11:30] [INFO] Loading hotkeys file
[21:11:30] [INFO] Loaded from Data/hotkeys.dat
[21:11:30] [INFO] Loaded from Data/rushconfigs.dat
[21:11:30] [INFO] Successfully created tab index 1
[21:11:30] [INFO] Hooking.
[21:11:30] [INFO] Hook Succeeded: 1903597
[21:11:39] [INFO] Exiting.
[21:18:06] [INFO] Loading hotkeys file
[21:18:06] [INFO] Loaded from Data/hotkeys.dat
[21:18:06] [INFO] Loaded from Data/rushconfigs.dat
[21:18:06] [INFO] Successfully created tab index 1
[21:18:06] [INFO] Hooking.
[21:18:06] [INFO] Hook Succeeded: 1155337925
[21:18:08] [INFO] 369
[21:18:09] [INFO] 465
[21:18:14] [INFO] 876
[21:18:14] [INFO] 934
[21:18:16] [INFO] 865
[21:18:16] [INFO] 834
[21:18:16] [INFO] 786
[21:18:16] [INFO] 762
[21:18:17] [INFO] 728
[21:18:17] [INFO] 696
[21:18:17] [INFO] 658
[21:18:18] [INFO] 638
[21:18:18] [INFO] 747
[21:18:18] [INFO] 817
[21:18:19] [INFO] 862
[21:18:19] [INFO] 871
[21:19:01] [INFO] Loading hotkeys file
[21:19:01] [INFO] Loaded from Data/hotkeys.dat
[21:19:01] [INFO] Loaded from Data/rushconfigs.dat
[21:19:01] [INFO] Successfully created tab index 1
[21:19:01] [INFO] Hooking.
[21:19:01] [INFO] Hook Succeeded: 689701017
[21:19:12] [INFO] 177
[21:19:12] [INFO] 218
[21:19:12] [INFO] 254
[21:19:13] [INFO] 274
[21:19:13] [INFO] 294
[21:19:13] [INFO] 299
[21:19:13] [INFO] 243
[21:19:13] [INFO] 177
[21:19:14] [INFO] 149
[21:19:14] [INFO] 109
[21:19:14] [INFO] 64
[21:19:16] [INFO] Exiting.
[21:21:01] [INFO] Loading hotkeys file
[21:21:01] [INFO] Loaded from Data/hotkeys.dat
[21:21:01] [INFO] Loaded from Data/rushconfigs.dat
[21:21:01] [INFO] Successfully created tab index 1
[21:21:01] [INFO] Hooking.
[21:21:01] [INFO] Hook Succeeded: 207291629
[21:21:13] [INFO] Found window: Adobe Flash Player 18
[21:21:13] [INFO] Changed current delay to 200ms.
[21:21:19] [INFO] Exiting.
[21:22:19] [INFO] Loading hotkeys file
[21:22:19] [INFO] Loaded from Data/hotkeys.dat
[21:22:19] [INFO] Loaded from Data/rushconfigs.dat
[21:22:19] [INFO] Successfully created tab index 1
[21:22:19] [INFO] Hooking.
[21:22:19] [INFO] Hook Succeeded: -950334575
[21:22:20] [INFO] Found window: Adobe Flash Player 18
[21:22:20] [INFO] Changed current delay to 200ms.
[21:22:24] [INFO] Exiting.
[21:22:48] [INFO] Loading hotkeys file
[21:22:48] [INFO] Loaded from Data/hotkeys.dat
[21:22:48] [INFO] Loaded from Data/rushconfigs.dat
[21:22:48] [INFO] Successfully created tab index 1
[21:22:48] [INFO] Hooking.
[21:22:48] [INFO] Hook Succeeded: -1735128807
[21:22:49] [INFO] Found window: Adobe Flash Player 18
[21:22:49] [INFO] Changed current delay to 200ms.
[21:22:53] [INFO] Exiting.
[21:24:32] [INFO] Loading hotkeys file
[21:24:32] [INFO] Loaded from Data/hotkeys.dat
[21:24:32] [INFO] Loaded from Data/rushconfigs.dat
[21:24:32] [INFO] Successfully created tab index 1
[21:24:32] [INFO] Hooking.
[21:24:32] [INFO] Hook Succeeded: 385485155
[21:24:32] [INFO] 4 + 62 + 66
[21:24:32] [INFO] 66 + 74 + 140
[21:24:32] [INFO] 140 + 86 + 226
[21:24:32] [INFO] 226 + 90 + 316
[21:24:33] [INFO] Found window: Adobe Flash Player 18
[21:24:33] [INFO] Changed current delay to 200ms.
[21:24:33] [INFO] 4 + 62 + 66
[21:24:33] [INFO] 66 + 74 + 140
[21:24:33] [INFO] 140 + 86 + 226
[21:24:33] [INFO] 226 + 90 + 316
[21:24:34] [INFO] 4 + 62 + 66
[21:24:34] [INFO] 66 + 74 + 140
[21:24:34] [INFO] 140 + 86 + 226
[21:24:34] [INFO] 226 + 90 + 316
[21:24:34] [INFO] 4 + 62 + 66
[21:24:34] [INFO] 66 + 74 + 140
[21:24:34] [INFO] 140 + 86 + 226
[21:24:34] [INFO] 226 + 90 + 316
[21:24:34] [INFO] 4 + 62 + 66
[21:24:34] [INFO] 66 + 74 + 140
[21:24:34] [INFO] 140 + 86 + 226
[21:24:34] [INFO] 226 + 90 + 316
[21:24:41] [INFO] 4 + 62 + 66
[21:24:41] [INFO] 66 + 74 + 140
[21:24:41] [INFO] 140 + 86 + 226
[21:24:41] [INFO] 226 + 90 + 316
[21:24:46] [INFO] 4 + 62 + 66
[21:24:46] [INFO] 66 + 74 + 140
[21:24:46] [INFO] 140 + 86 + 226
[21:24:46] [INFO] 226 + 90 + 316
[21:24:56] [INFO] 4 + 62 + 66
[21:24:56] [INFO] 66 + 74 + 140
[21:24:56] [INFO] 140 + 86 + 226
[21:24:56] [INFO] 226 + 90 + 316
[21:24:57] [INFO] 4 + 62 + 66
[21:24:57] [INFO] 66 + 74 + 140
[21:24:57] [INFO] 140 + 86 + 226
[21:24:57] [INFO] 226 + 90 + 316
[21:24:58] [INFO] 4 + 62 + 66
[21:24:58] [INFO] 66 + 74 + 140
[21:24:58] [INFO] 140 + 86 + 226
[21:24:58] [INFO] 226 + 90 + 316
[21:24:58] [INFO] Exiting.
[21:25:17] [INFO] Loading hotkeys file
[21:25:17] [INFO] Loaded from Data/hotkeys.dat
[21:25:17] [INFO] Loaded from Data/rushconfigs.dat
[21:25:17] [INFO] Successfully created tab index 1
[21:25:17] [INFO] Hooking.
[21:25:17] [INFO] Hook Succeeded: 2002586377
[21:25:18] [INFO] 4 + 62 = 66
[21:25:18] [INFO] 66 + 74 = 140
[21:25:18] [INFO] 140 + 86 = 226
[21:25:18] [INFO] 226 + 90 = 316
[21:25:18] [INFO] MAX: 316
[21:25:18] [INFO] Found window: Adobe Flash Player 18
[21:25:18] [INFO] Changed current delay to 200ms.
[21:25:18] [INFO] 4 + 62 = 66
[21:25:18] [INFO] 66 + 74 = 140
[21:25:18] [INFO] 140 + 86 = 226
[21:25:18] [INFO] 226 + 90 = 316
[21:25:18] [INFO] MAX: 316
[21:25:19] [INFO] 4 + 62 = 66
[21:25:19] [INFO] 66 + 74 = 140
[21:25:19] [INFO] 140 + 86 = 226
[21:25:19] [INFO] 226 + 90 = 316
[21:25:19] [INFO] MAX: 316
[21:25:19] [INFO] 4 + 62 = 66
[21:25:19] [INFO] 66 + 74 = 140
[21:25:19] [INFO] 140 + 86 = 226
[21:25:19] [INFO] 226 + 90 = 316
[21:25:19] [INFO] MAX: 316
[21:25:19] [INFO] 4 + 62 = 66
[21:25:19] [INFO] 66 + 74 = 140
[21:25:19] [INFO] 140 + 86 = 226
[21:25:19] [INFO] 226 + 90 = 316
[21:25:19] [INFO] MAX: 316
[21:25:26] [INFO] 4 + 62 = 66
[21:25:26] [INFO] 66 + 74 = 140
[21:25:26] [INFO] 140 + 86 = 226
[21:25:26] [INFO] 226 + 90 = 316
[21:25:26] [INFO] MAX: 316
[21:25:29] [INFO] 4 + 62 = 66
[21:25:29] [INFO] 66 + 74 = 140
[21:25:29] [INFO] 140 + 86 = 226
[21:25:29] [INFO] 226 + 90 = 316
[21:25:29] [INFO] MAX: 316
[21:25:42] [INFO] 4 + 62 = 66
[21:25:42] [INFO] 66 + 74 = 140
[21:25:42] [INFO] 140 + 86 = 226
[21:25:42] [INFO] 226 + 90 = 316
[21:25:42] [INFO] MAX: 316
[21:25:55] [INFO] Loading hotkeys file
[21:25:55] [INFO] Loaded from Data/hotkeys.dat
[21:25:55] [INFO] Loaded from Data/rushconfigs.dat
[21:25:55] [INFO] Successfully created tab index 1
[21:25:55] [INFO] Hooking.
[21:25:55] [INFO] Hook Succeeded: 2002651913
[21:25:56] [INFO] 4 + 62 = 66
[21:25:56] [INFO] 66 + 74 = 140
[21:25:56] [INFO] 140 + 86 = 226
[21:25:56] [INFO] 226 + 90 = 316
[21:25:56] [INFO] MAX: 316
[21:25:56] [INFO] Found window: Adobe Flash Player 18
[21:25:56] [INFO] Changed current delay to 200ms.
[21:25:56] [INFO] 4 + 62 = 66
[21:25:56] [INFO] 66 + 74 = 140
[21:25:56] [INFO] 140 + 86 = 226
[21:25:56] [INFO] 226 + 90 = 316
[21:25:56] [INFO] MAX: 316
[21:25:58] [INFO] 4 + 62 = 66
[21:25:58] [INFO] 66 + 74 = 140
[21:25:58] [INFO] 140 + 86 = 226
[21:25:58] [INFO] 226 + 90 = 316
[21:25:58] [INFO] MAX: 316
[21:25:58] [INFO] 4 + 62 = 66
[21:25:58] [INFO] 66 + 74 = 140
[21:25:58] [INFO] 140 + 86 = 226
[21:25:58] [INFO] 226 + 90 = 316
[21:25:58] [INFO] MAX: 316
[21:25:58] [INFO] 4 + 62 = 66
[21:25:58] [INFO] 66 + 74 = 140
[21:25:58] [INFO] 140 + 86 = 226
[21:25:58] [INFO] 226 + 90 = 316
[21:25:58] [INFO] MAX: 316
[21:25:59] [INFO] 4 + 62 = 66
[21:25:59] [INFO] 66 + 74 = 140
[21:25:59] [INFO] 140 + 86 = 226
[21:25:59] [INFO] 226 + 90 = 316
[21:25:59] [INFO] MAX: 316
[21:25:59] [INFO] 4 + 62 = 66
[21:25:59] [INFO] 66 + 74 = 140
[21:25:59] [INFO] 140 + 86 = 226
[21:25:59] [INFO] 226 + 90 = 316
[21:25:59] [INFO] MAX: 316
[21:25:59] [INFO] 4 + 62 = 66
[21:25:59] [INFO] 66 + 74 = 140
[21:25:59] [INFO] 140 + 86 = 226
[21:25:59] [INFO] 226 + 90 = 316
[21:25:59] [INFO] MAX: 316
[21:25:59] [INFO] 4 + 62 = 66
[21:25:59] [INFO] 66 + 74 = 140
[21:25:59] [INFO] 140 + 86 = 226
[21:25:59] [INFO] 226 + 90 = 316
[21:25:59] [INFO] MAX: 316
[21:26:00] [INFO] 4 + 62 = 66
[21:26:00] [INFO] 66 + 74 = 140
[21:26:00] [INFO] 140 + 86 = 226
[21:26:00] [INFO] 226 + 90 = 316
[21:26:00] [INFO] MAX: 316
[21:26:00] [INFO] 4 + 62 = 66
[21:26:00] [INFO] 66 + 74 = 140
[21:26:00] [INFO] 140 + 86 = 226
[21:26:00] [INFO] 226 + 90 = 316
[21:26:00] [INFO] MAX: 316
[21:26:00] [INFO] 4 + 62 = 66
[21:26:00] [INFO] 66 + 74 = 140
[21:26:00] [INFO] 140 + 86 = 226
[21:26:00] [INFO] 226 + 90 = 316
[21:26:00] [INFO] MAX: 316
[21:26:00] [INFO] 4 + 62 = 66
[21:26:00] [INFO] 66 + 74 = 140
[21:26:00] [INFO] 140 + 86 = 226
[21:26:00] [INFO] 226 + 90 = 316
[21:26:00] [INFO] MAX: 316
[21:26:04] [INFO] 4 + 62 = 66
[21:26:04] [INFO] 66 + 74 = 140
[21:26:04] [INFO] 140 + 86 = 226
[21:26:04] [INFO] 226 + 90 = 316
[21:26:04] [INFO] MAX: 316
[21:26:06] [INFO] 4 + 62 = 66
[21:26:06] [INFO] 66 + 74 = 140
[21:26:06] [INFO] 140 + 86 = 226
[21:26:06] [INFO] 226 + 90 = 316
[21:26:06] [INFO] MAX: 316
[21:26:07] [INFO] 4 + 62 = 66
[21:26:07] [INFO] 66 + 74 = 140
[21:26:07] [INFO] 140 + 86 = 226
[21:26:07] [INFO] 226 + 90 = 316
[21:26:07] [INFO] MAX: 316
[21:26:07] [INFO] 4 + 62 = 66
[21:26:07] [INFO] 66 + 74 = 140
[21:26:07] [INFO] 140 + 86 = 226
[21:26:07] [INFO] 226 + 90 = 316
[21:26:07] [INFO] MAX: 316
[21:26:08] [INFO] Changed current delay to 1000ms.
[21:26:11] [INFO] 4 + 62 = 66
[21:26:11] [INFO] 66 + 74 = 140
[21:26:11] [INFO] 140 + 86 = 226
[21:26:11] [INFO] 226 + 90 = 316
[21:26:11] [INFO] MAX: 316
[21:26:11] [INFO] 4 + 62 = 66
[21:26:11] [INFO] 66 + 74 = 140
[21:26:11] [INFO] 140 + 86 = 226
[21:26:11] [INFO] 226 + 90 = 316
[21:26:11] [INFO] MAX: 316
[21:26:11] [INFO] 4 + 62 = 66
[21:26:11] [INFO] 66 + 74 = 140
[21:26:11] [INFO] 140 + 86 = 226
[21:26:11] [INFO] 226 + 90 = 316
[21:26:11] [INFO] MAX: 316
[21:26:11] [INFO] 4 + 62 = 66
[21:26:11] [INFO] 66 + 74 = 140
[21:26:11] [INFO] 140 + 86 = 226
[21:26:11] [INFO] 226 + 90 = 316
[21:26:11] [INFO] MAX: 316
[21:26:12] [INFO] 4 + 62 = 66
[21:26:12] [INFO] 66 + 74 = 140
[21:26:12] [INFO] 140 + 86 = 226
[21:26:12] [INFO] 226 + 90 = 316
[21:26:12] [INFO] MAX: 316
[21:26:12] [INFO] 4 + 62 = 66
[21:26:12] [INFO] 66 + 74 = 140
[21:26:12] [INFO] 140 + 86 = 226
[21:26:12] [INFO] 226 + 90 = 316
[21:26:12] [INFO] MAX: 316
[21:26:13] [INFO] 4 + 62 = 66
[21:26:13] [INFO] 66 + 74 = 140
[21:26:13] [INFO] 140 + 86 = 226
[21:26:13] [INFO] 226 + 90 = 316
[21:26:13] [INFO] MAX: 316
[21:26:13] [INFO] 4 + 62 = 66
[21:26:13] [INFO] 66 + 74 = 140
[21:26:13] [INFO] 140 + 86 = 226
[21:26:13] [INFO] 226 + 90 = 316
[21:26:13] [INFO] MAX: 316
[21:26:13] [INFO] 4 + 62 = 66
[21:26:13] [INFO] 66 + 74 = 140
[21:26:13] [INFO] 140 + 86 = 226
[21:26:13] [INFO] 226 + 90 = 316
[21:26:13] [INFO] MAX: 316
[21:26:13] [INFO] 4 + 62 = 66
[21:26:13] [INFO] 66 + 74 = 140
[21:26:13] [INFO] 140 + 86 = 226
[21:26:13] [INFO] 226 + 90 = 316
[21:26:13] [INFO] MAX: 316
[21:26:14] [INFO] 4 + 62 = 66
[21:26:14] [INFO] 66 + 74 = 140
[21:26:14] [INFO] 140 + 86 = 226
[21:26:14] [INFO] 226 + 90 = 316
[21:26:14] [INFO] MAX: 316
[21:26:15] [INFO] Exiting.
[21:26:17] [INFO] Loading hotkeys file
[21:26:17] [INFO] Loaded from Data/hotkeys.dat
[21:26:17] [INFO] Loaded from Data/rushconfigs.dat
[21:26:17] [INFO] Successfully created tab index 1
[21:26:17] [INFO] Hooking.
[21:26:17] [INFO] Hook Succeeded: -935850597
[21:26:17] [INFO] 4 + 62 = 66
[21:26:17] [INFO] 66 + 74 = 140
[21:26:17] [INFO] 140 + 86 = 226
[21:26:17] [INFO] 226 + 90 = 316
[21:26:17] [INFO] MAX: 316
[21:26:17] [INFO] 4 + 62 = 66
[21:26:17] [INFO] 66 + 74 = 140
[21:26:17] [INFO] 140 + 86 = 226
[21:26:17] [INFO] 226 + 90 = 316
[21:26:17] [INFO] MAX: 316
[21:26:19] [INFO] 4 + 62 = 66
[21:26:19] [INFO] 66 + 74 = 140
[21:26:19] [INFO] 140 + 86 = 226
[21:26:19] [INFO] 226 + 90 = 316
[21:26:19] [INFO] MAX: 316
[21:26:19] [INFO] 4 + 62 = 66
[21:26:19] [INFO] 66 + 74 = 140
[21:26:19] [INFO] 140 + 86 = 226
[21:26:19] [INFO] 226 + 90 = 316
[21:26:19] [INFO] MAX: 316
[21:26:19] [INFO] 4 + 62 = 66
[21:26:19] [INFO] 66 + 74 = 140
[21:26:19] [INFO] 140 + 86 = 226
[21:26:19] [INFO] 226 + 90 = 316
[21:26:19] [INFO] MAX: 316
[21:26:19] [INFO] 4 + 62 = 66
[21:26:19] [INFO] 66 + 74 = 140
[21:26:19] [INFO] 140 + 86 = 226
[21:26:19] [INFO] 226 + 90 = 316
[21:26:19] [INFO] MAX: 316
[21:26:19] [INFO] 4 + 62 = 66
[21:26:19] [INFO] 66 + 74 = 140
[21:26:19] [INFO] 140 + 86 = 226
[21:26:19] [INFO] 226 + 90 = 316
[21:26:19] [INFO] MAX: 316
[21:26:19] [INFO] 4 + 62 = 66
[21:26:19] [INFO] 66 + 74 = 140
[21:26:19] [INFO] 140 + 86 = 226
[21:26:19] [INFO] 226 + 90 = 316
[21:26:19] [INFO] MAX: 316
[21:26:21] [INFO] 4 + 62 = 66
[21:26:21] [INFO] 66 + 74 = 140
[21:26:21] [INFO] 140 + 86 = 226
[21:26:21] [INFO] 226 + 90 = 316
[21:26:21] [INFO] MAX: 316
[21:26:22] [INFO] Exiting.
[21:26:40] [INFO] Loading hotkeys file
[21:26:40] [INFO] Loaded from Data/hotkeys.dat
[21:26:40] [INFO] Loaded from Data/rushconfigs.dat
[21:26:41] [INFO] Successfully created tab index 1
[21:26:41] [INFO] Hooking.
[21:26:41] [INFO] Hook Succeeded: -1177220167
[21:26:41] [INFO] 4 + 62 = 66
[21:26:41] [INFO] 66 + 74 = 140
[21:26:41] [INFO] 140 + 86 = 226
[21:26:41] [INFO] 226 + 90 = 316
[21:26:41] [INFO] MAX: 316
[21:26:42] [INFO] 4 + 62 = 66
[21:26:42] [INFO] 66 + 74 = 140
[21:26:42] [INFO] 140 + 86 = 226
[21:26:42] [INFO] 226 + 90 = 316
[21:26:42] [INFO] MAX: 316
[21:26:42] [INFO] 4 + 62 = 66
[21:26:42] [INFO] 66 + 74 = 140
[21:26:42] [INFO] 140 + 86 = 226
[21:26:42] [INFO] 226 + 90 = 316
[21:26:42] [INFO] MAX: 316
[21:26:42] [INFO] 4 + 62 = 66
[21:26:42] [INFO] 66 + 74 = 140
[21:26:42] [INFO] 140 + 86 = 226
[21:26:42] [INFO] 226 + 90 = 316
[21:26:42] [INFO] MAX: 316
[21:26:42] [INFO] 4 + 62 = 66
[21:26:42] [INFO] 66 + 74 = 140
[21:26:42] [INFO] 140 + 86 = 226
[21:26:42] [INFO] 226 + 90 = 316
[21:26:42] [INFO] MAX: 316
[21:26:43] [INFO] 4 + 62 = 66
[21:26:43] [INFO] 66 + 74 = 140
[21:26:43] [INFO] 140 + 86 = 226
[21:26:43] [INFO] 226 + 90 = 316
[21:26:43] [INFO] MAX: 316
[21:26:43] [INFO] 4 + 62 = 66
[21:26:43] [INFO] 66 + 74 = 140
[21:26:43] [INFO] 140 + 86 = 226
[21:26:43] [INFO] 226 + 90 = 316
[21:26:43] [INFO] MAX: 316
[21:26:43] [INFO] 4 + 62 = 66
[21:26:43] [INFO] 66 + 74 = 140
[21:26:43] [INFO] 140 + 86 = 226
[21:26:43] [INFO] 226 + 90 = 316
[21:26:43] [INFO] MAX: 316
[21:26:43] [INFO] 4 + 62 = 66
[21:26:43] [INFO] 66 + 74 = 140
[21:26:43] [INFO] 140 + 86 = 226
[21:26:43] [INFO] 226 + 90 = 316
[21:26:43] [INFO] MAX: 316
[21:26:43] [INFO] 4 + 62 = 66
[21:26:43] [INFO] 66 + 74 = 140
[21:26:43] [INFO] 140 + 86 = 226
[21:26:43] [INFO] 226 + 90 = 316
[21:26:43] [INFO] MAX: 316
[21:26:43] [INFO] 4 + 62 = 66
[21:26:43] [INFO] 66 + 74 = 140
[21:26:43] [INFO] 140 + 86 = 226
[21:26:43] [INFO] 226 + 90 = 316
[21:26:43] [INFO] MAX: 316
[21:26:43] [INFO] 4 + 62 = 66
[21:26:43] [INFO] 66 + 74 = 140
[21:26:43] [INFO] 140 + 86 = 226
[21:26:43] [INFO] 226 + 90 = 316
[21:26:43] [INFO] MAX: 316
[21:26:43] [INFO] 4 + 62 = 66
[21:26:43] [INFO] 66 + 74 = 140
[21:26:43] [INFO] 140 + 86 = 226
[21:26:43] [INFO] 226 + 90 = 316
[21:26:43] [INFO] MAX: 316
[21:26:43] [INFO] 4 + 62 = 66
[21:26:43] [INFO] 66 + 74 = 140
[21:26:43] [INFO] 140 + 86 = 226
[21:26:43] [INFO] 226 + 90 = 316
[21:26:43] [INFO] MAX: 316
[21:26:43] [INFO] 4 + 62 = 66
[21:26:43] [INFO] 66 + 74 = 140
[21:26:43] [INFO] 140 + 86 = 226
[21:26:43] [INFO] 226 + 90 = 316
[21:26:43] [INFO] MAX: 316
[21:26:43] [INFO] 4 + 62 = 66
[21:26:43] [INFO] 66 + 74 = 140
[21:26:43] [INFO] 140 + 86 = 226
[21:26:43] [INFO] 226 + 90 = 316
[21:26:43] [INFO] MAX: 316
[21:26:43] [INFO] 4 + 62 = 66
[21:26:43] [INFO] 66 + 74 = 140
[21:26:43] [INFO] 140 + 86 = 226
[21:26:43] [INFO] 226 + 90 = 316
[21:26:43] [INFO] MAX: 316
[21:26:43] [INFO] 4 + 62 = 66
[21:26:43] [INFO] 66 + 74 = 140
[21:26:43] [INFO] 140 + 86 = 226
[21:26:43] [INFO] 226 + 90 = 316
[21:26:43] [INFO] MAX: 316
[21:26:43] [INFO] 4 + 62 = 66
[21:26:43] [INFO] 66 + 74 = 140
[21:26:43] [INFO] 140 + 86 = 226
[21:26:43] [INFO] 226 + 90 = 316
[21:26:43] [INFO] MAX: 316
[21:26:44] [INFO] 4 + 62 = 66
[21:26:44] [INFO] 66 + 74 = 140
[21:26:44] [INFO] 140 + 86 = 226
[21:26:44] [INFO] 226 + 90 = 316
[21:26:44] [INFO] MAX: 316
[21:26:44] [INFO] 4 + 62 = 66
[21:26:44] [INFO] 66 + 74 = 140
[21:26:44] [INFO] 140 + 86 = 226
[21:26:44] [INFO] 226 + 90 = 316
[21:26:44] [INFO] MAX: 316
[21:26:44] [INFO] 4 + 62 = 66
[21:26:44] [INFO] 66 + 74 = 140
[21:26:44] [INFO] 140 + 86 = 226
[21:26:44] [INFO] 226 + 90 = 316
[21:26:44] [INFO] MAX: 316
[21:26:44] [INFO] 4 + 62 = 66
[21:26:44] [INFO] 66 + 74 = 140
[21:26:44] [INFO] 140 + 86 = 226
[21:26:44] [INFO] 226 + 90 = 316
[21:26:44] [INFO] MAX: 316
[21:26:44] [INFO] 4 + 62 = 66
[21:26:44] [INFO] 66 + 74 = 140
[21:26:44] [INFO] 140 + 86 = 226
[21:26:44] [INFO] 226 + 90 = 316
[21:26:44] [INFO] MAX: 316
[21:26:44] [INFO] 4 + 62 = 66
[21:26:44] [INFO] 66 + 74 = 140
[21:26:44] [INFO] 140 + 86 = 226
[21:26:44] [INFO] 226 + 90 = 316
[21:26:44] [INFO] MAX: 316
[21:26:44] [INFO] 4 + 62 = 66
[21:26:44] [INFO] 66 + 74 = 140
[21:26:44] [INFO] 140 + 86 = 226
[21:26:44] [INFO] 226 + 90 = 316
[21:26:44] [INFO] MAX: 316
[21:26:44] [INFO] 4 + 62 = 66
[21:26:44] [INFO] 66 + 74 = 140
[21:26:44] [INFO] 140 + 86 = 226
[21:26:44] [INFO] 226 + 90 = 316
[21:26:44] [INFO] MAX: 316
[21:26:44] [INFO] 4 + 62 = 66
[21:26:44] [INFO] 66 + 74 = 140
[21:26:44] [INFO] 140 + 86 = 226
[21:26:44] [INFO] 226 + 90 = 316
[21:26:44] [INFO] MAX: 316
[21:26:44] [INFO] 4 + 62 = 66
[21:26:44] [INFO] 66 + 74 = 140
[21:26:44] [INFO] 140 + 86 = 226
[21:26:44] [INFO] 226 + 90 = 316
[21:26:44] [INFO] MAX: 316
[21:26:44] [INFO] 4 + 62 = 66
[21:26:44] [INFO] 66 + 74 = 140
[21:26:44] [INFO] 140 + 86 = 226
[21:26:44] [INFO] 226 + 90 = 316
[21:26:44] [INFO] MAX: 316
[21:26:44] [INFO] 4 + 62 = 66
[21:26:44] [INFO] 66 + 74 = 140
[21:26:44] [INFO] 140 + 86 = 226
[21:26:44] [INFO] 226 + 90 = 316
[21:26:44] [INFO] MAX: 316
[21:26:44] [INFO] 4 + 62 = 66
[21:26:44] [INFO] 66 + 74 = 140
[21:26:44] [INFO] 140 + 86 = 226
[21:26:44] [INFO] 226 + 90 = 316
[21:26:44] [INFO] MAX: 316
[21:26:44] [INFO] 4 + 62 = 66
[21:26:44] [INFO] 66 + 74 = 140
[21:26:44] [INFO] 140 + 86 = 226
[21:26:44] [INFO] 226 + 90 = 316
[21:26:45] [INFO] MAX: 316
[21:26:45] [INFO] 4 + 62 = 66
[21:26:45] [INFO] 66 + 74 = 140
[21:26:45] [INFO] 140 + 86 = 226
[21:26:45] [INFO] 226 + 90 = 316
[21:26:45] [INFO] MAX: 316
[21:26:45] [INFO] 4 + 62 = 66
[21:26:45] [INFO] 66 + 74 = 140
[21:26:45] [INFO] 140 + 86 = 226
[21:26:45] [INFO] 226 + 90 = 316
[21:26:45] [INFO] MAX: 316
[21:26:45] [INFO] 4 + 62 = 66
[21:26:45] [INFO] 66 + 74 = 140
[21:26:45] [INFO] 140 + 86 = 226
[21:26:45] [INFO] 226 + 90 = 316
[21:26:45] [INFO] MAX: 316
[21:26:45] [INFO] 4 + 62 = 66
[21:26:45] [INFO] 66 + 74 = 140
[21:26:45] [INFO] 140 + 86 = 226
[21:26:45] [INFO] 226 + 90 = 316
[21:26:45] [INFO] MAX: 316
[21:26:45] [INFO] 4 + 62 = 66
[21:26:45] [INFO] 66 + 74 = 140
[21:26:45] [INFO] 140 + 86 = 226
[21:26:45] [INFO] 226 + 90 = 316
[21:26:45] [INFO] MAX: 316
[21:26:45] [INFO] 4 + 62 = 66
[21:26:45] [INFO] 66 + 74 = 140
[21:26:45] [INFO] 140 + 86 = 226
[21:26:45] [INFO] 226 + 90 = 316
[21:26:45] [INFO] MAX: 316
[21:26:45] [INFO] 4 + 62 = 66
[21:26:45] [INFO] 66 + 74 = 140
[21:26:45] [INFO] 140 + 86 = 226
[21:26:45] [INFO] 226 + 90 = 316
[21:26:45] [INFO] MAX: 316
[21:26:45] [INFO] 4 + 62 = 66
[21:26:45] [INFO] 66 + 74 = 140
[21:26:45] [INFO] 140 + 86 = 226
[21:26:45] [INFO] 226 + 90 = 316
[21:26:45] [INFO] MAX: 316
[21:26:45] [INFO] 4 + 62 = 66
[21:26:45] [INFO] 66 + 74 = 140
[21:26:45] [INFO] 140 + 86 = 226
[21:26:45] [INFO] 226 + 90 = 316
[21:26:45] [INFO] MAX: 316
[21:26:45] [INFO] 4 + 62 = 66
[21:26:45] [INFO] 66 + 74 = 140
[21:26:45] [INFO] 140 + 86 = 226
[21:26:45] [INFO] 226 + 90 = 316
[21:26:45] [INFO] MAX: 316
[21:26:45] [INFO] 4 + 62 = 66
[21:26:45] [INFO] 66 + 74 = 140
[21:26:45] [INFO] 140 + 86 = 226
[21:26:45] [INFO] 226 + 90 = 316
[21:26:45] [INFO] MAX: 316
[21:26:45] [INFO] 4 + 62 = 66
[21:26:45] [INFO] 66 + 74 = 140
[21:26:45] [INFO] 140 + 86 = 226
[21:26:45] [INFO] 226 + 90 = 316
[21:26:45] [INFO] MAX: 316
[21:26:45] [INFO] 4 + 62 = 66
[21:26:45] [INFO] 66 + 74 = 140
[21:26:45] [INFO] 140 + 86 = 226
[21:26:45] [INFO] 226 + 90 = 316
[21:26:45] [INFO] MAX: 316
[21:26:45] [INFO] 4 + 62 = 66
[21:26:45] [INFO] 66 + 74 = 140
[21:26:45] [INFO] 140 + 86 = 226
[21:26:45] [INFO] 226 + 90 = 316
[21:26:45] [INFO] MAX: 316
[21:26:45] [INFO] 4 + 62 = 66
[21:26:45] [INFO] 66 + 74 = 140
[21:26:45] [INFO] 140 + 86 = 226
[21:26:45] [INFO] 226 + 90 = 316
[21:26:45] [INFO] MAX: 316
[21:26:45] [INFO] 4 + 62 = 66
[21:26:45] [INFO] 66 + 74 = 140
[21:26:45] [INFO] 140 + 86 = 226
[21:26:45] [INFO] 226 + 90 = 316
[21:26:45] [INFO] MAX: 316
[21:26:45] [INFO] 4 + 62 = 66
[21:26:45] [INFO] 66 + 74 = 140
[21:26:45] [INFO] 140 + 86 = 226
[21:26:45] [INFO] 226 + 90 = 316
[21:26:45] [INFO] MAX: 316
[21:26:45] [INFO] 4 + 62 = 66
[21:26:45] [INFO] 66 + 74 = 140
[21:26:45] [INFO] 140 + 86 = 226
[21:26:45] [INFO] 226 + 90 = 316
[21:26:45] [INFO] MAX: 316
[21:26:45] [INFO] 4 + 62 = 66
[21:26:45] [INFO] 66 + 74 = 140
[21:26:45] [INFO] 140 + 86 = 226
[21:26:45] [INFO] 226 + 90 = 316
[21:26:45] [INFO] MAX: 316
[21:26:45] [INFO] 4 + 62 = 66
[21:26:45] [INFO] 66 + 74 = 140
[21:26:45] [INFO] 140 + 86 = 226
[21:26:45] [INFO] 226 + 90 = 316
[21:26:45] [INFO] MAX: 316
[21:26:45] [INFO] 4 + 62 = 66
[21:26:45] [INFO] 66 + 74 = 140
[21:26:46] [INFO] 140 + 86 = 226
[21:26:46] [INFO] 226 + 90 = 316
[21:26:46] [INFO] MAX: 316
[21:26:46] [INFO] 4 + 62 = 66
[21:26:46] [INFO] 66 + 74 = 140
[21:26:46] [INFO] 140 + 86 = 226
[21:26:46] [INFO] 226 + 90 = 316
[21:26:46] [INFO] MAX: 316
[21:26:46] [INFO] 4 + 62 = 66
[21:26:46] [INFO] 66 + 74 = 140
[21:26:46] [INFO] 140 + 86 = 226
[21:26:46] [INFO] 226 + 90 = 316
[21:26:46] [INFO] MAX: 316
[21:26:46] [INFO] 4 + 62 = 66
[21:26:46] [INFO] 66 + 74 = 140
[21:26:46] [INFO] 140 + 86 = 226
[21:26:46] [INFO] 226 + 90 = 316
[21:26:46] [INFO] MAX: 316
[21:26:46] [INFO] 4 + 62 = 66
[21:26:46] [INFO] 66 + 74 = 140
[21:26:46] [INFO] 140 + 86 = 226
[21:26:46] [INFO] 226 + 90 = 316
[21:26:46] [INFO] MAX: 316
[21:26:46] [INFO] 4 + 62 = 66
[21:26:46] [INFO] 66 + 74 = 140
[21:26:46] [INFO] 140 + 86 = 226
[21:26:46] [INFO] 226 + 90 = 316
[21:26:46] [INFO] MAX: 316
[21:26:46] [INFO] 4 + 62 = 66
[21:26:46] [INFO] 66 + 74 = 140
[21:26:46] [INFO] 140 + 86 = 226
[21:26:46] [INFO] 226 + 90 = 316
[21:26:46] [INFO] MAX: 316
[21:26:46] [INFO] 4 + 62 = 66
[21:26:46] [INFO] 66 + 74 = 140
[21:26:46] [INFO] 140 + 86 = 226
[21:26:46] [INFO] 226 + 90 = 316
[21:26:46] [INFO] MAX: 316
[21:26:46] [INFO] 4 + 62 = 66
[21:26:46] [INFO] 66 + 74 = 140
[21:26:46] [INFO] 140 + 86 = 226
[21:26:46] [INFO] 226 + 90 = 316
[21:26:46] [INFO] MAX: 316
[21:26:46] [INFO] 4 + 62 = 66
[21:26:46] [INFO] 66 + 74 = 140
[21:26:46] [INFO] 140 + 86 = 226
[21:26:46] [INFO] 226 + 90 = 316
[21:26:46] [INFO] MAX: 316
[21:26:46] [INFO] 4 + 62 = 66
[21:26:46] [INFO] 66 + 74 = 140
[21:26:46] [INFO] 140 + 86 = 226
[21:26:46] [INFO] 226 + 90 = 316
[21:26:46] [INFO] MAX: 316
[21:26:46] [INFO] 4 + 62 = 66
[21:26:46] [INFO] 66 + 74 = 140
[21:26:46] [INFO] 140 + 86 = 226
[21:26:46] [INFO] 226 + 90 = 316
[21:26:46] [INFO] MAX: 316
[21:26:46] [INFO] 4 + 62 = 66
[21:26:46] [INFO] 66 + 74 = 140
[21:26:46] [INFO] 140 + 86 = 226
[21:26:46] [INFO] 226 + 90 = 316
[21:26:46] [INFO] MAX: 316
[21:26:46] [INFO] 4 + 62 = 66
[21:26:46] [INFO] 66 + 74 = 140
[21:26:46] [INFO] 140 + 86 = 226
[21:26:46] [INFO] 226 + 90 = 316
[21:26:46] [INFO] MAX: 316
[21:26:46] [INFO] 4 + 62 = 66
[21:26:46] [INFO] 66 + 74 = 140
[21:26:46] [INFO] 140 + 86 = 226
[21:26:46] [INFO] 226 + 90 = 316
[21:26:46] [INFO] MAX: 316
[21:26:46] [INFO] 4 + 62 = 66
[21:26:46] [INFO] 66 + 74 = 140
[21:26:46] [INFO] 140 + 86 = 226
[21:26:46] [INFO] 226 + 90 = 316
[21:26:46] [INFO] MAX: 316
[21:26:46] [INFO] 4 + 62 = 66
[21:26:46] [INFO] 66 + 74 = 140
[21:26:46] [INFO] 140 + 86 = 226
[21:26:46] [INFO] 226 + 90 = 316
[21:26:46] [INFO] MAX: 316
[21:26:46] [INFO] 4 + 62 = 66
[21:26:46] [INFO] 66 + 74 = 140
[21:26:46] [INFO] 140 + 86 = 226
[21:26:46] [INFO] 226 + 90 = 316
[21:26:46] [INFO] MAX: 316
[21:26:46] [INFO] 4 + 62 = 66
[21:26:46] [INFO] 66 + 74 = 140
[21:26:46] [INFO] 140 + 86 = 226
[21:26:46] [INFO] 226 + 90 = 316
[21:26:46] [INFO] MAX: 316
[21:26:46] [INFO] 4 + 62 = 66
[21:26:46] [INFO] 66 + 74 = 140
[21:26:46] [INFO] 140 + 86 = 226
[21:26:46] [INFO] 226 + 90 = 316
[21:26:46] [INFO] MAX: 316
[21:26:46] [INFO] 4 + 62 = 66
[21:26:46] [INFO] 66 + 74 = 140
[21:26:46] [INFO] 140 + 86 = 226
[21:26:46] [INFO] 226 + 90 = 316
[21:26:46] [INFO] MAX: 316
[21:26:46] [INFO] 4 + 62 = 66
[21:26:46] [INFO] 66 + 74 = 140
[21:26:46] [INFO] 140 + 86 = 226
[21:26:46] [INFO] 226 + 90 = 316
[21:26:46] [INFO] MAX: 316
[21:26:46] [INFO] 4 + 62 = 66
[21:26:46] [INFO] 66 + 74 = 140
[21:26:46] [INFO] 140 + 86 = 226
[21:26:46] [INFO] 226 + 90 = 316
[21:26:46] [INFO] MAX: 316
[21:26:46] [INFO] 4 + 62 = 66
[21:26:46] [INFO] 66 + 74 = 140
[21:26:46] [INFO] 140 + 86 = 226
[21:26:46] [INFO] 226 + 90 = 316
[21:26:46] [INFO] MAX: 316
[21:26:46] [INFO] 4 + 62 = 66
[21:26:46] [INFO] 66 + 74 = 140
[21:26:46] [INFO] 140 + 86 = 226
[21:26:46] [INFO] 226 + 90 = 316
[21:26:46] [INFO] MAX: 316
[21:26:47] [INFO] 4 + 62 = 66
[21:26:47] [INFO] 66 + 74 = 140
[21:26:47] [INFO] 140 + 86 = 226
[21:26:47] [INFO] 226 + 90 = 316
[21:26:47] [INFO] MAX: 316
[21:26:47] [INFO] 4 + 62 = 66
[21:26:47] [INFO] 66 + 74 = 140
[21:26:47] [INFO] 140 + 86 = 226
[21:26:47] [INFO] 226 + 90 = 316
[21:26:47] [INFO] MAX: 316
[21:26:47] [INFO] 4 + 62 = 66
[21:26:47] [INFO] 66 + 74 = 140
[21:26:47] [INFO] 140 + 86 = 226
[21:26:47] [INFO] 226 + 90 = 316
[21:26:47] [INFO] MAX: 316
[21:26:47] [INFO] 4 + 62 = 66
[21:26:47] [INFO] 66 + 74 = 140
[21:26:47] [INFO] 140 + 86 = 226
[21:26:47] [INFO] 226 + 90 = 316
[21:26:47] [INFO] MAX: 316
[21:26:47] [INFO] 4 + 62 = 66
[21:26:47] [INFO] 66 + 74 = 140
[21:26:47] [INFO] 140 + 86 = 226
[21:26:47] [INFO] 226 + 90 = 316
[21:26:47] [INFO] MAX: 316
[21:26:47] [INFO] 4 + 62 = 66
[21:26:47] [INFO] 66 + 74 = 140
[21:26:47] [INFO] 140 + 86 = 226
[21:26:47] [INFO] 226 + 90 = 316
[21:26:47] [INFO] MAX: 316
[21:26:47] [INFO] 4 + 62 = 66
[21:26:47] [INFO] 66 + 74 = 140
[21:26:47] [INFO] 140 + 86 = 226
[21:26:47] [INFO] 226 + 90 = 316
[21:26:47] [INFO] MAX: 316
[21:26:47] [INFO] 4 + 62 = 66
[21:26:47] [INFO] 66 + 74 = 140
[21:26:47] [INFO] 140 + 86 = 226
[21:26:47] [INFO] 226 + 90 = 316
[21:26:47] [INFO] MAX: 316
[21:26:47] [INFO] 4 + 62 = 66
[21:26:47] [INFO] 66 + 74 = 140
[21:26:47] [INFO] 140 + 86 = 226
[21:26:47] [INFO] 226 + 90 = 316
[21:26:47] [INFO] MAX: 316
[21:26:49] [INFO] 4 + 62 = 66
[21:26:49] [INFO] 66 + 74 = 140
[21:26:49] [INFO] 140 + 86 = 226
[21:26:49] [INFO] 226 + 90 = 316
[21:26:49] [INFO] MAX: 316
[21:26:49] [INFO] Exiting.
[21:27:17] [INFO] Loading hotkeys file
[21:27:17] [INFO] Loaded from Data/hotkeys.dat
[21:27:17] [INFO] Loaded from Data/rushconfigs.dat
[21:27:17] [INFO] Successfully created tab index 1
[21:27:17] [INFO] Hooking.
[21:27:17] [INFO] Hook Succeeded: 233771099
[21:28:34] [INFO] Loading hotkeys file
[21:28:34] [INFO] Loaded from Data/hotkeys.dat
[21:28:34] [INFO] Loaded from Data/rushconfigs.dat
[21:28:34] [INFO] Successfully created tab index 1
[21:28:34] [INFO] Hooking.
[21:28:34] [INFO] Hook Succeeded: 275122433
[21:28:39] [INFO] Exiting.
[21:32:00] [INFO] Loading hotkeys file
[21:32:00] [INFO] Loaded from Data/hotkeys.dat
[21:32:00] [INFO] Loaded from Data/rushconfigs.dat
[21:32:00] [INFO] Successfully created tab index 1
[21:32:00] [INFO] Hooking.
[21:32:00] [INFO] Hook Succeeded: -1888023387
[21:32:13] [INFO] Exiting.
[21:32:50] [INFO] Loading hotkeys file
[21:32:50] [INFO] Loaded from Data/hotkeys.dat
[21:32:50] [INFO] Loaded from Data/rushconfigs.dat
[21:32:50] [INFO] Successfully created tab index 1
[21:32:50] [INFO] Hooking.
[21:32:50] [INFO] Hook Succeeded: 277743873
[21:32:56] [INFO] Exiting.
[21:33:20] [INFO] Loading hotkeys file
[21:33:20] [INFO] Loaded from Data/hotkeys.dat
[21:33:20] [INFO] Loaded from Data/rushconfigs.dat
[21:33:20] [INFO] Successfully created tab index 1
[21:33:20] [INFO] Hooking.
[21:33:20] [INFO] Hook Succeeded: -1722021723
[21:33:24] [INFO] Exiting.
[21:34:47] [INFO] Loading hotkeys file
[21:34:47] [INFO] Loaded from Data/hotkeys.dat
[21:34:47] [INFO] Loaded from Data/rushconfigs.dat
[21:34:47] [INFO] Successfully created tab index 1
[21:34:47] [INFO] Hooking.
[21:34:47] [INFO] Hook Succeeded: -1127282905
[21:34:52] [INFO] Exiting.
[21:35:40] [INFO] Loading hotkeys file
[21:35:40] [INFO] Loaded from Data/hotkeys.dat
[21:35:40] [INFO] Loaded from Data/rushconfigs.dat
[21:35:40] [INFO] Successfully created tab index 1
[21:35:40] [INFO] Hooking.
[21:35:40] [INFO] Hook Succeeded: 1707837
[21:35:42] [INFO] Exiting.
[21:35:51] [INFO] Loading hotkeys file
[21:35:51] [INFO] Loaded from Data/hotkeys.dat
[21:35:51] [INFO] Loaded from Data/rushconfigs.dat
[21:35:51] [INFO] Successfully created tab index 1
[21:35:51] [INFO] Hooking.
[21:35:51] [INFO] Hook Succeeded: 63704599
[21:35:55] [INFO] Exiting.
