[02:45:21] [CMD] test
[03:30:57] [CMD] test
[03:31:01] [CMD] uaoeu

[03:40:38] [CMD] 1
[03:40:38] [CMD] 
2
[03:40:38] [CMD] 
3
[03:40:48] [CMD] 1
[03:41:35] [CMD] 1
[03:41:36] [CMD] 
2
[03:41:38] [CMD] 
3
[03:41:58] [CMD] 1
[03:42:00] [CMD] 
2
[03:42:03] [CMD] 
3
[03:42:40] [CMD] test
[03:42:41] [CMD] 
test
[03:42:43] [CMD] 
test
[03:42:44] [CMD] 
test
[03:42:45] [CMD] 
aoeu
[03:44:05] [CMD] aoeu
[03:44:06] [CMD] 
aoeu
[03:44:06] [CMD] 
aoeu
[03:44:07] [CMD] 
aoeu
[03:44:34] [CMD] aoeu
[03:44:35] [CMD] 
aoeu
[03:44:35] [CMD] 

[03:44:36] [CMD] 
aoeu
[03:44:36] [CMD] 
aoeu
[03:44:40] [CMD] aoeu
[03:44:41] [CMD] aoeu
[03:46:32] [CMD] 

[03:46:32] [CMD] 

[03:46:33] [CMD] 
aoeu
[03:46:34] [CMD] aoeu
[03:46:35] [CMD] aoeu
[03:46:36] [CMD] aoeu
[03:46:36] [CMD] aoeu
[03:46:37] [CMD] aoeu
[03:46:37] [CMD] 

[03:46:55] [CMD] aoeu
[03:46:56] [CMD] aoeu
[03:46:57] [CMD] aoeu
[03:46:57] [CMD] aoeu
[03:46:58] [CMD] 

[03:46:58] [CMD] 

[03:47:00] [CMD] 

[03:47:00] [CMD] 

[03:47:37] [CMD] 

[03:47:37] [CMD] 


[03:47:38] [CMD] 



[03:47:39] [CMD] 




[03:47:39] [CMD] 





[03:47:40] [CMD] 






[03:47:40] [CMD] 







[03:47:40] [CMD] 








[03:47:52] [CMD] 

[03:47:52] [CMD] 


[03:47:52] [CMD] 



[03:47:52] [CMD] 




[03:47:53] [CMD] 





[03:47:53] [CMD] 






[03:48:32] [CMD] 

[03:48:33] [CMD] 


[03:48:33] [CMD] 



[03:48:33] [CMD] 




[03:48:34] [CMD] 




aoeu
[03:48:35] [CMD] 




aoeu
aoeu
[03:48:35] [CMD] 




aoeu
aoeu
aoeu
[03:48:35] [CMD] 




aoeu
aoeu
aoeu
aoeu
[03:50:41] [INFO] 0
[03:50:43] [CMD] aoeu
[03:50:43] [CMD] aoeuaoeu
[03:50:43] [CMD] aoeuaoeuaoeu
[03:50:44] [CMD] aoeuaoeuaoeuaoeu
[03:50:45] [CMD] aoeuaoeuaoeuaoeu
[03:53:20] [CMD] aoeu
[03:53:20] [CMD] aoeu
[03:53:22] [CMD] aoeu
[03:53:25] [CMD] 1
[03:53:26] [CMD] 2
[03:53:26] [CMD] 3
[03:53:26] [CMD] 4
[03:53:26] [CMD] 5
[03:53:27] [CMD] 6
[03:53:27] [CMD] 7
[03:53:27] [CMD] 8
[03:53:27] [CMD] 9
[03:53:28] [CMD] 0
[03:56:04] [INFO] RESET TO -1
[03:56:05] [CMD] 1
[03:56:07] [CMD] 2
[03:56:08] [CMD] 3
[03:56:09] [CMD] 4
[03:56:10] [CMD] 5
[03:56:10] [CMD] 6
[03:56:10] [CMD] 7
[03:56:10] [CMD] 8
[03:56:11] [CMD] 9
[03:56:13] [INFO] 5
[03:56:16] [INFO] 8
[03:56:18] [INFO] 2
[03:56:22] [INFO] 0
[03:56:24] [INFO] 0
[03:58:00] [CMD] 123
[03:58:03] [CMD] 345
[03:58:11] [CMD] 123
[03:58:12] [CMD] 234
[03:58:16] [CMD] 123
[04:48:00] [INFO] TOGGLING
